<?xml version="1.0" encoding="UTF-8"?>
<robot generator="Robot 7.0 (Python 3.12.1 on darwin)" generated="2024-01-31T21:14:42.637643" rpa="false" schemaversion="5">
<suite id="s1" name="Vehicle Insurance App" source="/Users/miguelbarca/TestAutomation/Vehicle_Insurance_App">
<suite id="s1-s1" name="Tests" source="/Users/miguelbarca/TestAutomation/Vehicle_Insurance_App/Tests">
<suite id="s1-s1-s1" name="TricentisScript" source="/Users/miguelbarca/TestAutomation/Vehicle_Insurance_App/Tests/TricentisScript.robot">
<test id="s1-s1-s1-t1" name="User Should Be Able To Vehicle Form - All Categories" line="10">
<kw name="Begin Web Test" owner="Common" type="SETUP">
<kw name="Open Browser" owner="SeleniumLibrary">
<msg time="2024-01-31T21:14:42.717296" level="INFO">Opening browser 'chrome' to base url 'about:blank'.</msg>
<arg>about:blank</arg>
<arg>${BROWSER}</arg>
<doc>Opens a new browser instance to the optional ``url``.</doc>
<status status="PASS" start="2024-01-31T21:14:42.717107" elapsed="1.085907"/>
</kw>
<status status="PASS" start="2024-01-31T21:14:42.716488" elapsed="1.086888"/>
</kw>
<kw name="Vehicle Data Page Object - Input Data" owner="TricentisApp">
<kw name="Navigate to" owner="Homepage">
<kw name="Go To" owner="SeleniumLibrary">
<msg time="2024-01-31T21:14:43.804694" level="INFO">Opening url 'https://sampleapp.tricentis.com/101/'</msg>
<arg>${HOMEPAGE_URL}</arg>
<doc>Navigates the current browser window to the provided ``url``.</doc>
<status status="PASS" start="2024-01-31T21:14:43.804555" elapsed="0.854350"/>
</kw>
<status status="PASS" start="2024-01-31T21:14:43.804174" elapsed="0.854874"/>
</kw>
<kw name="Select Category" owner="Homepage">
<kw name="Set Global Variable" owner="BuiltIn">
<msg time="2024-01-31T21:14:44.659710" level="INFO">${ACTIVE_CATEGORY} = Automobile</msg>
<arg>${ACTIVE_CATEGORY}</arg>
<doc>Makes a variable available globally in all tests and suites.</doc>
<status status="PASS" start="2024-01-31T21:14:44.659482" elapsed="0.000307"/>
</kw>
<kw name="Run Keyword" owner="BuiltIn">
<kw name="Click Automobile" owner="Homepage">
<kw name="Click Element" owner="SeleniumLibrary">
<msg time="2024-01-31T21:14:44.660721" level="INFO">Clicking element '//*[@id="nav_automobile"]'.</msg>
<arg>${AUTOMOBILE_CATEGORY_XPATH}</arg>
<doc>Click the element identified by ``locator``.</doc>
<status status="PASS" start="2024-01-31T21:14:44.660406" elapsed="0.306802"/>
</kw>
<status status="PASS" start="2024-01-31T21:14:44.660214" elapsed="0.307125"/>
</kw>
<arg>Click ${ACTIVE_CATEGORY}</arg>
<doc>Executes the given keyword with the given arguments.</doc>
<status status="PASS" start="2024-01-31T21:14:44.659885" elapsed="0.307513"/>
</kw>
<arg>${ACTIVE_CATEGORY}</arg>
<status status="PASS" start="2024-01-31T21:14:44.659184" elapsed="0.308270"/>
</kw>
<kw name="Get ${ACTIVE_CATEGORY} From CSV File And Fill Form" owner="VehicleData" source_name="Get ${ACTIVE_CATEGORY} From CSV File And Fill Form">
<kw name="Run Keyword" owner="BuiltIn">
<kw name="Defining Automobile CSV File Range Value" owner="DataManager">
<kw name="Get Automobile CSV File - List" owner="DataManager">
<kw name="Get Automobile CSV Data" owner="DataManager">
<kw name="Read Csv File" owner="Csv">
<msg time="2024-01-31T21:14:44.968794" level="INFO">${csv_data} = [['Audi', '120', '02/15/2020', '5', 'Petrol', '25000', 'ABC123', '12000'], ['BMW', '95', '04/21/2019', '4', 'Diesel', '22000', 'XYZ789', '15000'], ['Ford', '150', '10/08/2021', '7', 'Electric Power', ...</msg>
<var>${csv_data}</var>
<arg>${CSV_CARS_PATH}</arg>
<status status="PASS" start="2024-01-31T21:14:44.968536" elapsed="0.000345"/>
</kw>
<return>
<value>${csv_data}</value>
<status status="PASS" start="2024-01-31T21:14:44.968942" elapsed="0.000066"/>
</return>
<msg time="2024-01-31T21:14:44.969100" level="INFO">@{all_cars_list} = [ ['Audi', '120', '02/15/2020', '5', 'Petrol', '25000', 'ABC123', '12000'] | ['BMW', '95', '04/21/2019', '4', 'Diesel', '22000', 'XYZ789', '15000'] | ['Ford', '150', '10/08/2021', '7', 'Electric Power...</msg>
<var>@{all_cars_list}</var>
<status status="PASS" start="2024-01-31T21:14:44.968428" elapsed="0.000714"/>
</kw>
<return>
<value>@{all_cars_list}</value>
<status status="PASS" start="2024-01-31T21:14:44.969184" elapsed="0.000032"/>
</return>
<msg time="2024-01-31T21:14:44.969295" level="INFO">@{AUTOMOBILE_LIST} = [ ['Audi', '120', '02/15/2020', '5', 'Petrol', '25000', 'ABC123', '12000'] | ['BMW', '95', '04/21/2019', '4', 'Diesel', '22000', 'XYZ789', '15000'] | ['Ford', '150', '10/08/2021', '7', 'Electric Power...</msg>
<var>@{AUTOMOBILE_LIST}</var>
<status status="PASS" start="2024-01-31T21:14:44.968302" elapsed="0.001030"/>
</kw>
<kw name="Get Length" owner="BuiltIn">
<msg time="2024-01-31T21:14:44.969484" level="INFO">Length is 30.</msg>
<msg time="2024-01-31T21:14:44.969534" level="INFO">${RANGE} = 30</msg>
<var>${RANGE}</var>
<arg>${AUTOMOBILE_LIST}</arg>
<doc>Returns and logs the length of the given item as an integer.</doc>
<status status="PASS" start="2024-01-31T21:14:44.969402" elapsed="0.000161"/>
</kw>
<kw name="Set Global Variable" owner="BuiltIn">
<msg time="2024-01-31T21:14:44.969753" level="INFO">${RANGE} = 30</msg>
<arg>${RANGE}</arg>
<doc>Makes a variable available globally in all tests and suites.</doc>
<status status="PASS" start="2024-01-31T21:14:44.969636" elapsed="0.000155"/>
</kw>
<status status="PASS" start="2024-01-31T21:14:44.968160" elapsed="0.001679"/>
</kw>
<arg>DataManager.Defining ${ACTIVE_CATEGORY} CSV File Range Value</arg>
<doc>Executes the given keyword with the given arguments.</doc>
<status status="PASS" start="2024-01-31T21:14:44.967871" elapsed="0.002007"/>
</kw>
<kw name="Run Keyword" owner="BuiltIn">
<kw name="Get Automobile CSV File - List" owner="DataManager">
<kw name="Get Automobile CSV Data" owner="DataManager">
<kw name="Read Csv File" owner="Csv">
<msg time="2024-01-31T21:14:44.971106" level="INFO">${csv_data} = [['Audi', '120', '02/15/2020', '5', 'Petrol', '25000', 'ABC123', '12000'], ['BMW', '95', '04/21/2019', '4', 'Diesel', '22000', 'XYZ789', '15000'], ['Ford', '150', '10/08/2021', '7', 'Electric Power', ...</msg>
<var>${csv_data}</var>
<arg>${CSV_CARS_PATH}</arg>
<status status="PASS" start="2024-01-31T21:14:44.970414" elapsed="0.000785"/>
</kw>
<return>
<value>${csv_data}</value>
<status status="PASS" start="2024-01-31T21:14:44.971291" elapsed="0.000090"/>
</return>
<msg time="2024-01-31T21:14:44.971482" level="INFO">@{all_cars_list} = [ ['Audi', '120', '02/15/2020', '5', 'Petrol', '25000', 'ABC123', '12000'] | ['BMW', '95', '04/21/2019', '4', 'Diesel', '22000', 'XYZ789', '15000'] | ['Ford', '150', '10/08/2021', '7', 'Electric Power...</msg>
<var>@{all_cars_list}</var>
<status status="PASS" start="2024-01-31T21:14:44.970300" elapsed="0.001229"/>
</kw>
<return>
<value>@{all_cars_list}</value>
<status status="PASS" start="2024-01-31T21:14:44.971579" elapsed="0.000031"/>
</return>
<status status="PASS" start="2024-01-31T21:14:44.970174" elapsed="0.001479"/>
</kw>
<msg time="2024-01-31T21:14:44.971717" level="INFO">${LIST} = [['Audi', '120', '02/15/2020', '5', 'Petrol', '25000', 'ABC123', '12000'], ['BMW', '95', '04/21/2019', '4', 'Diesel', '22000', 'XYZ789', '15000'], ['Ford', '150', '10/08/2021', '7', 'Electric Power', ...</msg>
<var>${LIST}</var>
<arg>DataManager.Get ${ACTIVE_CATEGORY} CSV File - List</arg>
<doc>Executes the given keyword with the given arguments.</doc>
<status status="PASS" start="2024-01-31T21:14:44.969948" elapsed="0.001805"/>
</kw>
<for flavor="IN RANGE">
<iter>
<kw name="Run Keyword" owner="BuiltIn">
<kw name="Fill Automobile Form Data" owner="VehicleData">
<kw name="Select From List By Value" owner="SeleniumLibrary">
<msg time="2024-01-31T21:14:44.972606" level="INFO">Selecting options from selection list 'xpath=//select[@id='make']' by value Audi.</msg>
<arg>${MAKE_XPATH}</arg>
<arg>${automobile}[0]</arg>
<doc>Selects options from selection list ``locator`` by ``values``.</doc>
<status status="PASS" start="2024-01-31T21:14:44.972463" elapsed="0.038713"/>
</kw>
<kw name="Input Text" owner="SeleniumLibrary">
<msg time="2024-01-31T21:14:45.011562" level="INFO">Typing text '120' into text field 'xpath=//input[@id='engineperformance']'.</msg>
<arg>${ENGINE_PERFORMANCE_XPATH}</arg>
<arg>${automobile}[1]</arg>
<doc>Types the given ``text`` into the text field identified by ``locator``.</doc>
<status status="PASS" start="2024-01-31T21:14:45.011344" elapsed="0.095481"/>
</kw>
<kw name="Input Text" owner="SeleniumLibrary">
<msg time="2024-01-31T21:14:45.107370" level="INFO">Typing text '02/15/2020' into text field 'xpath=//input[@id='dateofmanufacture']'.</msg>
<arg>${MANUFACTURE_DATE_XPATH}</arg>
<arg>${automobile}[2]</arg>
<doc>Types the given ``text`` into the text field identified by ``locator``.</doc>
<status status="PASS" start="2024-01-31T21:14:45.107082" elapsed="0.062032"/>
</kw>
<kw name="Select From List By Value" owner="SeleniumLibrary">
<msg time="2024-01-31T21:14:45.169712" level="INFO">Selecting options from selection list 'xpath=//select[@id='numberofseats']' by value 5.</msg>
<arg>${NUMBER_OF_SEATS_XPATH}</arg>
<arg>${automobile}[3]</arg>
<doc>Selects options from selection list ``locator`` by ``values``.</doc>
<status status="PASS" start="2024-01-31T21:14:45.169350" elapsed="0.038712"/>
</kw>
<kw name="Select From List By Value" owner="SeleniumLibrary">
<msg time="2024-01-31T21:14:45.208456" level="INFO">Selecting options from selection list 'xpath=//select[@id='fuel']' by value Petrol.</msg>
<arg>${FUEL_TYPE_XPATH}</arg>
<arg>${automobile}[4]</arg>
<doc>Selects options from selection list ``locator`` by ``values``.</doc>
<status status="PASS" start="2024-01-31T21:14:45.208240" elapsed="0.037570"/>
</kw>
<kw name="Input Text" owner="SeleniumLibrary">
<msg time="2024-01-31T21:14:45.246203" level="INFO">Typing text '25000' into text field 'xpath=//input[@id='listprice']'.</msg>
<arg>${LIST_PRICE_XPATH}</arg>
<arg>${automobile}[5]</arg>
<doc>Types the given ``text`` into the text field identified by ``locator``.</doc>
<status status="PASS" start="2024-01-31T21:14:45.245985" elapsed="0.042859"/>
</kw>
<kw name="Input Text" owner="SeleniumLibrary">
<msg time="2024-01-31T21:14:45.289237" level="INFO">Typing text 'ABC123' into text field 'xpath=//input[@id='licenseplatenumber']'.</msg>
<arg>${LICENSE_PLATE_XPATH}</arg>
<arg>${automobile}[6]</arg>
<doc>Types the given ``text`` into the text field identified by ``locator``.</doc>
<status status="PASS" start="2024-01-31T21:14:45.289015" elapsed="0.045103"/>
</kw>
<kw name="Input Text" owner="SeleniumLibrary">
<msg time="2024-01-31T21:14:45.334533" level="INFO">Typing text '12000' into text field 'xpath=//input[@id='annualmileage']'.</msg>
<arg>${ANNUAL_MILEAGE_XPATH}</arg>
<arg>${automobile}[7]</arg>
<doc>Types the given ``text`` into the text field identified by ``locator``.</doc>
<status status="PASS" start="2024-01-31T21:14:45.334289" elapsed="0.042594"/>
</kw>
<arg>${LIST}[${COUNTER}]</arg>
<status status="PASS" start="2024-01-31T21:14:44.972297" elapsed="0.404709"/>
</kw>
<arg>VehicleData.Fill ${ACTIVE_CATEGORY} Form Data</arg>
<arg>${LIST}[${COUNTER}]</arg>
<doc>Executes the given keyword with the given arguments.</doc>
<status status="PASS" start="2024-01-31T21:14:44.972048" elapsed="0.405011"/>
</kw>
<kw name="Increment Counter" owner="DataManager">
<kw name="Evaluate" owner="BuiltIn">
<msg time="2024-01-31T21:14:45.377569" level="INFO">${COUNTER} = 1</msg>
<var>${COUNTER}</var>
<arg>${COUNTER} + 1</arg>
<doc>Evaluates the given expression in Python and returns the result.</doc>
<status status="PASS" start="2024-01-31T21:14:45.377415" elapsed="0.000218"/>
</kw>
<kw name="Set Global Variable" owner="BuiltIn">
<msg time="2024-01-31T21:14:45.377845" level="INFO">${COUNTER} = 1</msg>
<arg>${COUNTER}</arg>
<doc>Makes a variable available globally in all tests and suites.</doc>
<status status="PASS" start="2024-01-31T21:14:45.377715" elapsed="0.000170"/>
</kw>
<status status="PASS" start="2024-01-31T21:14:45.377184" elapsed="0.000751"/>
</kw>
<var name="${ROW}">0</var>
<status status="PASS" start="2024-01-31T21:14:44.971969" elapsed="0.406001"/>
</iter>
<iter>
<kw name="Run Keyword" owner="BuiltIn">
<kw name="Fill Automobile Form Data" owner="VehicleData">
<kw name="Select From List By Value" owner="SeleniumLibrary">
<msg time="2024-01-31T21:14:45.378573" level="INFO">Selecting options from selection list 'xpath=//select[@id='make']' by value BMW.</msg>
<arg>${MAKE_XPATH}</arg>
<arg>${automobile}[0]</arg>
<doc>Selects options from selection list ``locator`` by ``values``.</doc>
<status status="PASS" start="2024-01-31T21:14:45.378449" elapsed="0.031960"/>
</kw>
<kw name="Input Text" owner="SeleniumLibrary">
<msg time="2024-01-31T21:14:45.410819" level="INFO">Typing text '95' into text field 'xpath=//input[@id='engineperformance']'.</msg>
<arg>${ENGINE_PERFORMANCE_XPATH}</arg>
<arg>${automobile}[1]</arg>
<doc>Types the given ``text`` into the text field identified by ``locator``.</doc>
<status status="PASS" start="2024-01-31T21:14:45.410585" elapsed="0.041337"/>
</kw>
<kw name="Input Text" owner="SeleniumLibrary">
<msg time="2024-01-31T21:14:45.452342" level="INFO">Typing text '04/21/2019' into text field 'xpath=//input[@id='dateofmanufacture']'.</msg>
<arg>${MANUFACTURE_DATE_XPATH}</arg>
<arg>${automobile}[2]</arg>
<doc>Types the given ``text`` into the text field identified by ``locator``.</doc>
<status status="PASS" start="2024-01-31T21:14:45.452099" elapsed="0.054193"/>
</kw>
<kw name="Select From List By Value" owner="SeleniumLibrary">
<msg time="2024-01-31T21:14:45.506716" level="INFO">Selecting options from selection list 'xpath=//select[@id='numberofseats']' by value 4.</msg>
<arg>${NUMBER_OF_SEATS_XPATH}</arg>
<arg>${automobile}[3]</arg>
<doc>Selects options from selection list ``locator`` by ``values``.</doc>
<status status="PASS" start="2024-01-31T21:14:45.506482" elapsed="0.031143"/>
</kw>
<kw name="Select From List By Value" owner="SeleniumLibrary">
<msg time="2024-01-31T21:14:45.538084" level="INFO">Selecting options from selection list 'xpath=//select[@id='fuel']' by value Diesel.</msg>
<arg>${FUEL_TYPE_XPATH}</arg>
<arg>${automobile}[4]</arg>
<doc>Selects options from selection list ``locator`` by ``values``.</doc>
<status status="PASS" start="2024-01-31T21:14:45.537813" elapsed="0.031609"/>
</kw>
<kw name="Input Text" owner="SeleniumLibrary">
<msg time="2024-01-31T21:14:45.569804" level="INFO">Typing text '22000' into text field 'xpath=//input[@id='listprice']'.</msg>
<arg>${LIST_PRICE_XPATH}</arg>
<arg>${automobile}[5]</arg>
<doc>Types the given ``text`` into the text field identified by ``locator``.</doc>
<status status="PASS" start="2024-01-31T21:14:45.569591" elapsed="0.042212"/>
</kw>
<kw name="Input Text" owner="SeleniumLibrary">
<msg time="2024-01-31T21:14:45.612197" level="INFO">Typing text 'XYZ789' into text field 'xpath=//input[@id='licenseplatenumber']'.</msg>
<arg>${LICENSE_PLATE_XPATH}</arg>
<arg>${automobile}[6]</arg>
<doc>Types the given ``text`` into the text field identified by ``locator``.</doc>
<status status="PASS" start="2024-01-31T21:14:45.611984" elapsed="0.040884"/>
</kw>
<kw name="Input Text" owner="SeleniumLibrary">
<msg time="2024-01-31T21:14:45.653254" level="INFO">Typing text '15000' into text field 'xpath=//input[@id='annualmileage']'.</msg>
<arg>${ANNUAL_MILEAGE_XPATH}</arg>
<arg>${automobile}[7]</arg>
<doc>Types the given ``text`` into the text field identified by ``locator``.</doc>
<status status="PASS" start="2024-01-31T21:14:45.653039" elapsed="0.040670"/>
</kw>
<arg>${LIST}[${COUNTER}]</arg>
<status status="PASS" start="2024-01-31T21:14:45.378299" elapsed="0.315533"/>
</kw>
<arg>VehicleData.Fill ${ACTIVE_CATEGORY} Form Data</arg>
<arg>${LIST}[${COUNTER}]</arg>
<doc>Executes the given keyword with the given arguments.</doc>
<status status="PASS" start="2024-01-31T21:14:45.378106" elapsed="0.315777"/>
</kw>
<kw name="Increment Counter" owner="DataManager">
<kw name="Evaluate" owner="BuiltIn">
<msg time="2024-01-31T21:14:45.694380" level="INFO">${COUNTER} = 2</msg>
<var>${COUNTER}</var>
<arg>${COUNTER} + 1</arg>
<doc>Evaluates the given expression in Python and returns the result.</doc>
<status status="PASS" start="2024-01-31T21:14:45.694226" elapsed="0.000219"/>
</kw>
<kw name="Set Global Variable" owner="BuiltIn">
<msg time="2024-01-31T21:14:45.694779" level="INFO">${COUNTER} = 2</msg>
<arg>${COUNTER}</arg>
<doc>Makes a variable available globally in all tests and suites.</doc>
<status status="PASS" start="2024-01-31T21:14:45.694528" elapsed="0.000296"/>
</kw>
<status status="PASS" start="2024-01-31T21:14:45.694007" elapsed="0.000870"/>
</kw>
<var name="${ROW}">1</var>
<status status="PASS" start="2024-01-31T21:14:45.378037" elapsed="0.316876"/>
</iter>
<iter>
<kw name="Run Keyword" owner="BuiltIn">
<kw name="Fill Automobile Form Data" owner="VehicleData">
<kw name="Select From List By Value" owner="SeleniumLibrary">
<msg time="2024-01-31T21:14:45.695516" level="INFO">Selecting options from selection list 'xpath=//select[@id='make']' by value Ford.</msg>
<arg>${MAKE_XPATH}</arg>
<arg>${automobile}[0]</arg>
<doc>Selects options from selection list ``locator`` by ``values``.</doc>
<status status="PASS" start="2024-01-31T21:14:45.695391" elapsed="0.030108"/>
</kw>
<kw name="Input Text" owner="SeleniumLibrary">
<msg time="2024-01-31T21:14:45.725904" level="INFO">Typing text '150' into text field 'xpath=//input[@id='engineperformance']'.</msg>
<arg>${ENGINE_PERFORMANCE_XPATH}</arg>
<arg>${automobile}[1]</arg>
<doc>Types the given ``text`` into the text field identified by ``locator``.</doc>
<status status="PASS" start="2024-01-31T21:14:45.725670" elapsed="0.037774"/>
</kw>
<kw name="Input Text" owner="SeleniumLibrary">
<msg time="2024-01-31T21:14:45.763901" level="INFO">Typing text '10/08/2021' into text field 'xpath=//input[@id='dateofmanufacture']'.</msg>
<arg>${MANUFACTURE_DATE_XPATH}</arg>
<arg>${automobile}[2]</arg>
<doc>Types the given ``text`` into the text field identified by ``locator``.</doc>
<status status="PASS" start="2024-01-31T21:14:45.763640" elapsed="0.052864"/>
</kw>
<kw name="Select From List By Value" owner="SeleniumLibrary">
<msg time="2024-01-31T21:14:45.816936" level="INFO">Selecting options from selection list 'xpath=//select[@id='numberofseats']' by value 7.</msg>
<arg>${NUMBER_OF_SEATS_XPATH}</arg>
<arg>${automobile}[3]</arg>
<doc>Selects options from selection list ``locator`` by ``values``.</doc>
<status status="PASS" start="2024-01-31T21:14:45.816698" elapsed="0.030266"/>
</kw>
<kw name="Select From List By Value" owner="SeleniumLibrary">
<msg time="2024-01-31T21:14:45.847353" level="INFO">Selecting options from selection list 'xpath=//select[@id='fuel']' by value Electric Power.</msg>
<arg>${FUEL_TYPE_XPATH}</arg>
<arg>${automobile}[4]</arg>
<doc>Selects options from selection list ``locator`` by ``values``.</doc>
<status status="PASS" start="2024-01-31T21:14:45.847135" elapsed="0.030152"/>
</kw>
<kw name="Input Text" owner="SeleniumLibrary">
<msg time="2024-01-31T21:14:45.877716" level="INFO">Typing text '30000' into text field 'xpath=//input[@id='listprice']'.</msg>
<arg>${LIST_PRICE_XPATH}</arg>
<arg>${automobile}[5]</arg>
<doc>Types the given ``text`` into the text field identified by ``locator``.</doc>
<status status="PASS" start="2024-01-31T21:14:45.877478" elapsed="0.041054"/>
</kw>
<kw name="Input Text" owner="SeleniumLibrary">
<msg time="2024-01-31T21:14:45.918967" level="INFO">Typing text 'LMN456' into text field 'xpath=//input[@id='licenseplatenumber']'.</msg>
<arg>${LICENSE_PLATE_XPATH}</arg>
<arg>${automobile}[6]</arg>
<doc>Types the given ``text`` into the text field identified by ``locator``.</doc>
<status status="PASS" start="2024-01-31T21:14:45.918731" elapsed="0.040525"/>
</kw>
<kw name="Input Text" owner="SeleniumLibrary">
<msg time="2024-01-31T21:14:45.959709" level="INFO">Typing text '18000' into text field 'xpath=//input[@id='annualmileage']'.</msg>
<arg>${ANNUAL_MILEAGE_XPATH}</arg>
<arg>${automobile}[7]</arg>
<doc>Types the given ``text`` into the text field identified by ``locator``.</doc>
<status status="PASS" start="2024-01-31T21:14:45.959450" elapsed="0.041003"/>
</kw>
<arg>${LIST}[${COUNTER}]</arg>
<status status="PASS" start="2024-01-31T21:14:45.695238" elapsed="0.305347"/>
</kw>
<arg>VehicleData.Fill ${ACTIVE_CATEGORY} Form Data</arg>
<arg>${LIST}[${COUNTER}]</arg>
<doc>Executes the given keyword with the given arguments.</doc>
<status status="PASS" start="2024-01-31T21:14:45.695043" elapsed="0.305601"/>
</kw>
<kw name="Increment Counter" owner="DataManager">
<kw name="Evaluate" owner="BuiltIn">
<msg time="2024-01-31T21:14:46.001196" level="INFO">${COUNTER} = 3</msg>
<var>${COUNTER}</var>
<arg>${COUNTER} + 1</arg>
<doc>Evaluates the given expression in Python and returns the result.</doc>
<status status="PASS" start="2024-01-31T21:14:46.001021" elapsed="0.000251"/>
</kw>
<kw name="Set Global Variable" owner="BuiltIn">
<msg time="2024-01-31T21:14:46.001505" level="INFO">${COUNTER} = 3</msg>
<arg>${COUNTER}</arg>
<doc>Makes a variable available globally in all tests and suites.</doc>
<status status="PASS" start="2024-01-31T21:14:46.001360" elapsed="0.000193"/>
</kw>
<status status="PASS" start="2024-01-31T21:14:46.000779" elapsed="0.000828"/>
</kw>
<var name="${ROW}">2</var>
<status status="PASS" start="2024-01-31T21:14:45.694974" elapsed="0.306671"/>
</iter>
<iter>
<kw name="Run Keyword" owner="BuiltIn">
<kw name="Fill Automobile Form Data" owner="VehicleData">
<kw name="Select From List By Value" owner="SeleniumLibrary">
<msg time="2024-01-31T21:14:46.002286" level="INFO">Selecting options from selection list 'xpath=//select[@id='make']' by value Honda.</msg>
<arg>${MAKE_XPATH}</arg>
<arg>${automobile}[0]</arg>
<doc>Selects options from selection list ``locator`` by ``values``.</doc>
<status status="PASS" start="2024-01-31T21:14:46.002152" elapsed="0.030161"/>
</kw>
<kw name="Input Text" owner="SeleniumLibrary">
<msg time="2024-01-31T21:14:46.032733" level="INFO">Typing text '110' into text field 'xpath=//input[@id='engineperformance']'.</msg>
<arg>${ENGINE_PERFORMANCE_XPATH}</arg>
<arg>${automobile}[1]</arg>
<doc>Types the given ``text`` into the text field identified by ``locator``.</doc>
<status status="PASS" start="2024-01-31T21:14:46.032502" elapsed="0.038920"/>
</kw>
<kw name="Input Text" owner="SeleniumLibrary">
<msg time="2024-01-31T21:14:46.071818" level="INFO">Typing text '08/03/2018' into text field 'xpath=//input[@id='dateofmanufacture']'.</msg>
<arg>${MANUFACTURE_DATE_XPATH}</arg>
<arg>${automobile}[2]</arg>
<doc>Types the given ``text`` into the text field identified by ``locator``.</doc>
<status status="PASS" start="2024-01-31T21:14:46.071596" elapsed="0.050873"/>
</kw>
<kw name="Select From List By Value" owner="SeleniumLibrary">
<msg time="2024-01-31T21:14:46.122916" level="INFO">Selecting options from selection list 'xpath=//select[@id='numberofseats']' by value 5.</msg>
<arg>${NUMBER_OF_SEATS_XPATH}</arg>
<arg>${automobile}[3]</arg>
<doc>Selects options from selection list ``locator`` by ``values``.</doc>
<status status="PASS" start="2024-01-31T21:14:46.122676" elapsed="0.031155"/>
</kw>
<kw name="Select From List By Value" owner="SeleniumLibrary">
<msg time="2024-01-31T21:14:46.154239" level="INFO">Selecting options from selection list 'xpath=//select[@id='fuel']' by value Gas.</msg>
<arg>${FUEL_TYPE_XPATH}</arg>
<arg>${automobile}[4]</arg>
<doc>Selects options from selection list ``locator`` by ``values``.</doc>
<status status="PASS" start="2024-01-31T21:14:46.154002" elapsed="0.029588"/>
</kw>
<kw name="Input Text" owner="SeleniumLibrary">
<msg time="2024-01-31T21:14:46.184042" level="INFO">Typing text '28000' into text field 'xpath=//input[@id='listprice']'.</msg>
<arg>${LIST_PRICE_XPATH}</arg>
<arg>${automobile}[5]</arg>
<doc>Types the given ``text`` into the text field identified by ``locator``.</doc>
<status status="PASS" start="2024-01-31T21:14:46.183786" elapsed="0.041021"/>
</kw>
<kw name="Input Text" owner="SeleniumLibrary">
<msg time="2024-01-31T21:14:46.225204" level="INFO">Typing text 'PQR321' into text field 'xpath=//input[@id='licenseplatenumber']'.</msg>
<arg>${LICENSE_PLATE_XPATH}</arg>
<arg>${automobile}[6]</arg>
<doc>Types the given ``text`` into the text field identified by ``locator``.</doc>
<status status="PASS" start="2024-01-31T21:14:46.224985" elapsed="0.039639"/>
</kw>
<kw name="Input Text" owner="SeleniumLibrary">
<msg time="2024-01-31T21:14:46.265110" level="INFO">Typing text '20000' into text field 'xpath=//input[@id='annualmileage']'.</msg>
<arg>${ANNUAL_MILEAGE_XPATH}</arg>
<arg>${automobile}[7]</arg>
<doc>Types the given ``text`` into the text field identified by ``locator``.</doc>
<status status="PASS" start="2024-01-31T21:14:46.264800" elapsed="0.041560"/>
</kw>
<arg>${LIST}[${COUNTER}]</arg>
<status status="PASS" start="2024-01-31T21:14:46.001995" elapsed="0.304486"/>
</kw>
<arg>VehicleData.Fill ${ACTIVE_CATEGORY} Form Data</arg>
<arg>${LIST}[${COUNTER}]</arg>
<doc>Executes the given keyword with the given arguments.</doc>
<status status="PASS" start="2024-01-31T21:14:46.001785" elapsed="0.304748"/>
</kw>
<kw name="Increment Counter" owner="DataManager">
<kw name="Evaluate" owner="BuiltIn">
<msg time="2024-01-31T21:14:46.307050" level="INFO">${COUNTER} = 4</msg>
<var>${COUNTER}</var>
<arg>${COUNTER} + 1</arg>
<doc>Evaluates the given expression in Python and returns the result.</doc>
<status status="PASS" start="2024-01-31T21:14:46.306879" elapsed="0.000242"/>
</kw>
<kw name="Set Global Variable" owner="BuiltIn">
<msg time="2024-01-31T21:14:46.307348" level="INFO">${COUNTER} = 4</msg>
<arg>${COUNTER}</arg>
<doc>Makes a variable available globally in all tests and suites.</doc>
<status status="PASS" start="2024-01-31T21:14:46.307207" elapsed="0.000187"/>
</kw>
<status status="PASS" start="2024-01-31T21:14:46.306658" elapsed="0.000790"/>
</kw>
<var name="${ROW}">3</var>
<status status="PASS" start="2024-01-31T21:14:46.001711" elapsed="0.305774"/>
</iter>
<iter>
<kw name="Run Keyword" owner="BuiltIn">
<kw name="Fill Automobile Form Data" owner="VehicleData">
<kw name="Select From List By Value" owner="SeleniumLibrary">
<msg time="2024-01-31T21:14:46.308396" level="INFO">Selecting options from selection list 'xpath=//select[@id='make']' by value Mazda.</msg>
<arg>${MAKE_XPATH}</arg>
<arg>${automobile}[0]</arg>
<doc>Selects options from selection list ``locator`` by ``values``.</doc>
<status status="PASS" start="2024-01-31T21:14:46.308237" elapsed="0.029311"/>
</kw>
<kw name="Input Text" owner="SeleniumLibrary">
<msg time="2024-01-31T21:14:46.337954" level="INFO">Typing text '180' into text field 'xpath=//input[@id='engineperformance']'.</msg>
<arg>${ENGINE_PERFORMANCE_XPATH}</arg>
<arg>${automobile}[1]</arg>
<doc>Types the given ``text`` into the text field identified by ``locator``.</doc>
<status status="PASS" start="2024-01-31T21:14:46.337719" elapsed="0.038685"/>
</kw>
<kw name="Input Text" owner="SeleniumLibrary">
<msg time="2024-01-31T21:14:46.376821" level="INFO">Typing text '12/12/2022' into text field 'xpath=//input[@id='dateofmanufacture']'.</msg>
<arg>${MANUFACTURE_DATE_XPATH}</arg>
<arg>${automobile}[2]</arg>
<doc>Types the given ``text`` into the text field identified by ``locator``.</doc>
<status status="PASS" start="2024-01-31T21:14:46.376590" elapsed="0.050817"/>
</kw>
<kw name="Select From List By Value" owner="SeleniumLibrary">
<msg time="2024-01-31T21:14:46.427808" level="INFO">Selecting options from selection list 'xpath=//select[@id='numberofseats']' by value 4.</msg>
<arg>${NUMBER_OF_SEATS_XPATH}</arg>
<arg>${automobile}[3]</arg>
<doc>Selects options from selection list ``locator`` by ``values``.</doc>
<status status="PASS" start="2024-01-31T21:14:46.427580" elapsed="0.028530"/>
</kw>
<kw name="Select From List By Value" owner="SeleniumLibrary">
<msg time="2024-01-31T21:14:46.456502" level="INFO">Selecting options from selection list 'xpath=//select[@id='fuel']' by value Other.</msg>
<arg>${FUEL_TYPE_XPATH}</arg>
<arg>${automobile}[4]</arg>
<doc>Selects options from selection list ``locator`` by ``values``.</doc>
<status status="PASS" start="2024-01-31T21:14:46.456280" elapsed="0.030168"/>
</kw>
<kw name="Input Text" owner="SeleniumLibrary">
<msg time="2024-01-31T21:14:46.486831" level="INFO">Typing text '50000' into text field 'xpath=//input[@id='listprice']'.</msg>
<arg>${LIST_PRICE_XPATH}</arg>
<arg>${automobile}[5]</arg>
<doc>Types the given ``text`` into the text field identified by ``locator``.</doc>
<status status="PASS" start="2024-01-31T21:14:46.486617" elapsed="0.039703"/>
</kw>
<kw name="Input Text" owner="SeleniumLibrary">
<msg time="2024-01-31T21:14:46.526765" level="INFO">Typing text 'JKL567' into text field 'xpath=//input[@id='licenseplatenumber']'.</msg>
<arg>${LICENSE_PLATE_XPATH}</arg>
<arg>${automobile}[6]</arg>
<doc>Types the given ``text`` into the text field identified by ``locator``.</doc>
<status status="PASS" start="2024-01-31T21:14:46.526528" elapsed="0.042253"/>
</kw>
<kw name="Input Text" owner="SeleniumLibrary">
<msg time="2024-01-31T21:14:46.569217" level="INFO">Typing text '9000' into text field 'xpath=//input[@id='annualmileage']'.</msg>
<arg>${ANNUAL_MILEAGE_XPATH}</arg>
<arg>${automobile}[7]</arg>
<doc>Types the given ``text`` into the text field identified by ``locator``.</doc>
<status status="PASS" start="2024-01-31T21:14:46.568962" elapsed="0.039049"/>
</kw>
<arg>${LIST}[${COUNTER}]</arg>
<status status="PASS" start="2024-01-31T21:14:46.307933" elapsed="0.300215"/>
</kw>
<arg>VehicleData.Fill ${ACTIVE_CATEGORY} Form Data</arg>
<arg>${LIST}[${COUNTER}]</arg>
<doc>Executes the given keyword with the given arguments.</doc>
<status status="PASS" start="2024-01-31T21:14:46.307660" elapsed="0.300545"/>
</kw>
<kw name="Increment Counter" owner="DataManager">
<kw name="Evaluate" owner="BuiltIn">
<msg time="2024-01-31T21:14:46.608760" level="INFO">${COUNTER} = 5</msg>
<var>${COUNTER}</var>
<arg>${COUNTER} + 1</arg>
<doc>Evaluates the given expression in Python and returns the result.</doc>
<status status="PASS" start="2024-01-31T21:14:46.608573" elapsed="0.000263"/>
</kw>
<kw name="Set Global Variable" owner="BuiltIn">
<msg time="2024-01-31T21:14:46.609061" level="INFO">${COUNTER} = 5</msg>
<arg>${COUNTER}</arg>
<doc>Makes a variable available globally in all tests and suites.</doc>
<status status="PASS" start="2024-01-31T21:14:46.608922" elapsed="0.000181"/>
</kw>
<status status="PASS" start="2024-01-31T21:14:46.608343" elapsed="0.000814"/>
</kw>
<var name="${ROW}">4</var>
<status status="PASS" start="2024-01-31T21:14:46.307553" elapsed="0.301639"/>
</iter>
<iter>
<kw name="Run Keyword" owner="BuiltIn">
<kw name="Fill Automobile Form Data" owner="VehicleData">
<kw name="Select From List By Value" owner="SeleniumLibrary">
<msg time="2024-01-31T21:14:46.609820" level="INFO">Selecting options from selection list 'xpath=//select[@id='make']' by value Mercedes Benz.</msg>
<arg>${MAKE_XPATH}</arg>
<arg>${automobile}[0]</arg>
<doc>Selects options from selection list ``locator`` by ``values``.</doc>
<status status="PASS" start="2024-01-31T21:14:46.609692" elapsed="0.029714"/>
</kw>
<kw name="Input Text" owner="SeleniumLibrary">
<msg time="2024-01-31T21:14:46.639802" level="INFO">Typing text '200' into text field 'xpath=//input[@id='engineperformance']'.</msg>
<arg>${ENGINE_PERFORMANCE_XPATH}</arg>
<arg>${automobile}[1]</arg>
<doc>Types the given ``text`` into the text field identified by ``locator``.</doc>
<status status="PASS" start="2024-01-31T21:14:46.639579" elapsed="0.038395"/>
</kw>
<kw name="Input Text" owner="SeleniumLibrary">
<msg time="2024-01-31T21:14:46.678404" level="INFO">Typing text '06/30/2020' into text field 'xpath=//input[@id='dateofmanufacture']'.</msg>
<arg>${MANUFACTURE_DATE_XPATH}</arg>
<arg>${automobile}[2]</arg>
<doc>Types the given ``text`` into the text field identified by ``locator``.</doc>
<status status="PASS" start="2024-01-31T21:14:46.678181" elapsed="0.049893"/>
</kw>
<kw name="Select From List By Value" owner="SeleniumLibrary">
<msg time="2024-01-31T21:14:46.728507" level="INFO">Selecting options from selection list 'xpath=//select[@id='numberofseats']' by value 2.</msg>
<arg>${NUMBER_OF_SEATS_XPATH}</arg>
<arg>${automobile}[3]</arg>
<doc>Selects options from selection list ``locator`` by ``values``.</doc>
<status status="PASS" start="2024-01-31T21:14:46.728257" elapsed="0.030121"/>
</kw>
<kw name="Select From List By Value" owner="SeleniumLibrary">
<msg time="2024-01-31T21:14:46.758822" level="INFO">Selecting options from selection list 'xpath=//select[@id='fuel']' by value Petrol.</msg>
<arg>${FUEL_TYPE_XPATH}</arg>
<arg>${automobile}[4]</arg>
<doc>Selects options from selection list ``locator`` by ``values``.</doc>
<status status="PASS" start="2024-01-31T21:14:46.758563" elapsed="0.027504"/>
</kw>
<kw name="Input Text" owner="SeleniumLibrary">
<msg time="2024-01-31T21:14:46.786449" level="INFO">Typing text '70000' into text field 'xpath=//input[@id='listprice']'.</msg>
<arg>${LIST_PRICE_XPATH}</arg>
<arg>${automobile}[5]</arg>
<doc>Types the given ``text`` into the text field identified by ``locator``.</doc>
<status status="PASS" start="2024-01-31T21:14:46.786232" elapsed="0.040764"/>
</kw>
<kw name="Input Text" owner="SeleniumLibrary">
<msg time="2024-01-31T21:14:46.827386" level="INFO">Typing text 'GHI654' into text field 'xpath=//input[@id='licenseplatenumber']'.</msg>
<arg>${LICENSE_PLATE_XPATH}</arg>
<arg>${automobile}[6]</arg>
<doc>Types the given ``text`` into the text field identified by ``locator``.</doc>
<status status="PASS" start="2024-01-31T21:14:46.827169" elapsed="0.039826"/>
</kw>
<kw name="Input Text" owner="SeleniumLibrary">
<msg time="2024-01-31T21:14:46.867418" level="INFO">Typing text '8000' into text field 'xpath=//input[@id='annualmileage']'.</msg>
<arg>${ANNUAL_MILEAGE_XPATH}</arg>
<arg>${automobile}[7]</arg>
<doc>Types the given ``text`` into the text field identified by ``locator``.</doc>
<status status="PASS" start="2024-01-31T21:14:46.867191" elapsed="0.039681"/>
</kw>
<arg>${LIST}[${COUNTER}]</arg>
<status status="PASS" start="2024-01-31T21:14:46.609534" elapsed="0.297476"/>
</kw>
<arg>VehicleData.Fill ${ACTIVE_CATEGORY} Form Data</arg>
<arg>${LIST}[${COUNTER}]</arg>
<doc>Executes the given keyword with the given arguments.</doc>
<status status="PASS" start="2024-01-31T21:14:46.609330" elapsed="0.297783"/>
</kw>
<kw name="Increment Counter" owner="DataManager">
<kw name="Evaluate" owner="BuiltIn">
<msg time="2024-01-31T21:14:46.907736" level="INFO">${COUNTER} = 6</msg>
<var>${COUNTER}</var>
<arg>${COUNTER} + 1</arg>
<doc>Evaluates the given expression in Python and returns the result.</doc>
<status status="PASS" start="2024-01-31T21:14:46.907553" elapsed="0.000266"/>
</kw>
<kw name="Set Global Variable" owner="BuiltIn">
<msg time="2024-01-31T21:14:46.908073" level="INFO">${COUNTER} = 6</msg>
<arg>${COUNTER}</arg>
<doc>Makes a variable available globally in all tests and suites.</doc>
<status status="PASS" start="2024-01-31T21:14:46.907923" elapsed="0.000198"/>
</kw>
<status status="PASS" start="2024-01-31T21:14:46.907283" elapsed="0.000893"/>
</kw>
<var name="${ROW}">5</var>
<status status="PASS" start="2024-01-31T21:14:46.609262" elapsed="0.298953"/>
</iter>
<iter>
<kw name="Run Keyword" owner="BuiltIn">
<kw name="Fill Automobile Form Data" owner="VehicleData">
<kw name="Select From List By Value" owner="SeleniumLibrary">
<msg time="2024-01-31T21:14:46.908875" level="INFO">Selecting options from selection list 'xpath=//select[@id='make']' by value Nissan.</msg>
<arg>${MAKE_XPATH}</arg>
<arg>${automobile}[0]</arg>
<doc>Selects options from selection list ``locator`` by ``values``.</doc>
<status status="PASS" start="2024-01-31T21:14:46.908744" elapsed="0.029758"/>
</kw>
<kw name="Input Text" owner="SeleniumLibrary">
<msg time="2024-01-31T21:14:46.938922" level="INFO">Typing text '85' into text field 'xpath=//input[@id='engineperformance']'.</msg>
<arg>${ENGINE_PERFORMANCE_XPATH}</arg>
<arg>${automobile}[1]</arg>
<doc>Types the given ``text`` into the text field identified by ``locator``.</doc>
<status status="PASS" start="2024-01-31T21:14:46.938675" elapsed="0.039983"/>
</kw>
<kw name="Input Text" owner="SeleniumLibrary">
<msg time="2024-01-31T21:14:46.979044" level="INFO">Typing text '05/17/2017' into text field 'xpath=//input[@id='dateofmanufacture']'.</msg>
<arg>${MANUFACTURE_DATE_XPATH}</arg>
<arg>${automobile}[2]</arg>
<doc>Types the given ``text`` into the text field identified by ``locator``.</doc>
<status status="PASS" start="2024-01-31T21:14:46.978832" elapsed="0.050611"/>
</kw>
<kw name="Select From List By Value" owner="SeleniumLibrary">
<msg time="2024-01-31T21:14:47.029860" level="INFO">Selecting options from selection list 'xpath=//select[@id='numberofseats']' by value 5.</msg>
<arg>${NUMBER_OF_SEATS_XPATH}</arg>
<arg>${automobile}[3]</arg>
<doc>Selects options from selection list ``locator`` by ``values``.</doc>
<status status="PASS" start="2024-01-31T21:14:47.029627" elapsed="0.027849"/>
</kw>
<kw name="Select From List By Value" owner="SeleniumLibrary">
<msg time="2024-01-31T21:14:47.057938" level="INFO">Selecting options from selection list 'xpath=//select[@id='fuel']' by value Diesel.</msg>
<arg>${FUEL_TYPE_XPATH}</arg>
<arg>${automobile}[4]</arg>
<doc>Selects options from selection list ``locator`` by ``values``.</doc>
<status status="PASS" start="2024-01-31T21:14:47.057689" elapsed="0.027816"/>
</kw>
<kw name="Input Text" owner="SeleniumLibrary">
<msg time="2024-01-31T21:14:47.085936" level="INFO">Typing text '18000' into text field 'xpath=//input[@id='listprice']'.</msg>
<arg>${LIST_PRICE_XPATH}</arg>
<arg>${automobile}[5]</arg>
<doc>Types the given ``text`` into the text field identified by ``locator``.</doc>
<status status="PASS" start="2024-01-31T21:14:47.085702" elapsed="0.041303"/>
</kw>
<kw name="Input Text" owner="SeleniumLibrary">
<msg time="2024-01-31T21:14:47.127456" level="INFO">Typing text 'DEF987' into text field 'xpath=//input[@id='licenseplatenumber']'.</msg>
<arg>${LICENSE_PLATE_XPATH}</arg>
<arg>${automobile}[6]</arg>
<doc>Types the given ``text`` into the text field identified by ``locator``.</doc>
<status status="PASS" start="2024-01-31T21:14:47.127213" elapsed="0.039538"/>
</kw>
<kw name="Input Text" owner="SeleniumLibrary">
<msg time="2024-01-31T21:14:47.167193" level="INFO">Typing text '22000' into text field 'xpath=//input[@id='annualmileage']'.</msg>
<arg>${ANNUAL_MILEAGE_XPATH}</arg>
<arg>${automobile}[7]</arg>
<doc>Types the given ``text`` into the text field identified by ``locator``.</doc>
<status status="PASS" start="2024-01-31T21:14:47.166940" elapsed="0.039985"/>
</kw>
<arg>${LIST}[${COUNTER}]</arg>
<status status="PASS" start="2024-01-31T21:14:46.908579" elapsed="0.298476"/>
</kw>
<arg>VehicleData.Fill ${ACTIVE_CATEGORY} Form Data</arg>
<arg>${LIST}[${COUNTER}]</arg>
<doc>Executes the given keyword with the given arguments.</doc>
<status status="PASS" start="2024-01-31T21:14:46.908370" elapsed="0.298743"/>
</kw>
<kw name="Increment Counter" owner="DataManager">
<kw name="Evaluate" owner="BuiltIn">
<msg time="2024-01-31T21:14:47.207698" level="INFO">${COUNTER} = 7</msg>
<var>${COUNTER}</var>
<arg>${COUNTER} + 1</arg>
<doc>Evaluates the given expression in Python and returns the result.</doc>
<status status="PASS" start="2024-01-31T21:14:47.207501" elapsed="0.000328"/>
</kw>
<kw name="Set Global Variable" owner="BuiltIn">
<msg time="2024-01-31T21:14:47.208192" level="INFO">${COUNTER} = 7</msg>
<arg>${COUNTER}</arg>
<doc>Makes a variable available globally in all tests and suites.</doc>
<status status="PASS" start="2024-01-31T21:14:47.207989" elapsed="0.000274"/>
</kw>
<status status="PASS" start="2024-01-31T21:14:47.207251" elapsed="0.001073"/>
</kw>
<var name="${ROW}">6</var>
<status status="PASS" start="2024-01-31T21:14:46.908293" elapsed="0.300070"/>
</iter>
<iter>
<kw name="Run Keyword" owner="BuiltIn">
<kw name="Fill Automobile Form Data" owner="VehicleData">
<kw name="Select From List By Value" owner="SeleniumLibrary">
<msg time="2024-01-31T21:14:47.209012" level="INFO">Selecting options from selection list 'xpath=//select[@id='make']' by value Opel.</msg>
<arg>${MAKE_XPATH}</arg>
<arg>${automobile}[0]</arg>
<doc>Selects options from selection list ``locator`` by ``values``.</doc>
<status status="PASS" start="2024-01-31T21:14:47.208885" elapsed="0.030307"/>
</kw>
<kw name="Input Text" owner="SeleniumLibrary">
<msg time="2024-01-31T21:14:47.239623" level="INFO">Typing text '160' into text field 'xpath=//input[@id='engineperformance']'.</msg>
<arg>${ENGINE_PERFORMANCE_XPATH}</arg>
<arg>${automobile}[1]</arg>
<doc>Types the given ``text`` into the text field identified by ``locator``.</doc>
<status status="PASS" start="2024-01-31T21:14:47.239386" elapsed="0.038631"/>
</kw>
<kw name="Input Text" owner="SeleniumLibrary">
<msg time="2024-01-31T21:14:47.278502" level="INFO">Typing text '11/25/2021' into text field 'xpath=//input[@id='dateofmanufacture']'.</msg>
<arg>${MANUFACTURE_DATE_XPATH}</arg>
<arg>${automobile}[2]</arg>
<doc>Types the given ``text`` into the text field identified by ``locator``.</doc>
<status status="PASS" start="2024-01-31T21:14:47.278271" elapsed="0.049874"/>
</kw>
<kw name="Select From List By Value" owner="SeleniumLibrary">
<msg time="2024-01-31T21:14:47.328572" level="INFO">Selecting options from selection list 'xpath=//select[@id='numberofseats']' by value 5.</msg>
<arg>${NUMBER_OF_SEATS_XPATH}</arg>
<arg>${automobile}[3]</arg>
<doc>Selects options from selection list ``locator`` by ``values``.</doc>
<status status="PASS" start="2024-01-31T21:14:47.328323" elapsed="0.016431"/>
</kw>
<kw name="Select From List By Value" owner="SeleniumLibrary">
<msg time="2024-01-31T21:14:47.345150" level="INFO">Selecting options from selection list 'xpath=//select[@id='fuel']' by value Diesel.</msg>
<arg>${FUEL_TYPE_XPATH}</arg>
<arg>${automobile}[4]</arg>
<doc>Selects options from selection list ``locator`` by ``values``.</doc>
<status status="PASS" start="2024-01-31T21:14:47.344922" elapsed="0.015653"/>
</kw>
<kw name="Input Text" owner="SeleniumLibrary">
<msg time="2024-01-31T21:14:47.360958" level="INFO">Typing text '45000' into text field 'xpath=//input[@id='listprice']'.</msg>
<arg>${LIST_PRICE_XPATH}</arg>
<arg>${automobile}[5]</arg>
<doc>Types the given ``text`` into the text field identified by ``locator``.</doc>
<status status="PASS" start="2024-01-31T21:14:47.360748" elapsed="0.040184"/>
</kw>
<kw name="Input Text" owner="SeleniumLibrary">
<msg time="2024-01-31T21:14:47.401350" level="INFO">Typing text 'MNO432' into text field 'xpath=//input[@id='licenseplatenumber']'.</msg>
<arg>${LICENSE_PLATE_XPATH}</arg>
<arg>${automobile}[6]</arg>
<doc>Types the given ``text`` into the text field identified by ``locator``.</doc>
<status status="PASS" start="2024-01-31T21:14:47.401103" elapsed="0.039250"/>
</kw>
<kw name="Input Text" owner="SeleniumLibrary">
<msg time="2024-01-31T21:14:47.440796" level="INFO">Typing text '12000' into text field 'xpath=//input[@id='annualmileage']'.</msg>
<arg>${ANNUAL_MILEAGE_XPATH}</arg>
<arg>${automobile}[7]</arg>
<doc>Types the given ``text`` into the text field identified by ``locator``.</doc>
<status status="PASS" start="2024-01-31T21:14:47.440551" elapsed="0.040904"/>
</kw>
<arg>${LIST}[${COUNTER}]</arg>
<status status="PASS" start="2024-01-31T21:14:47.208711" elapsed="0.272870"/>
</kw>
<arg>VehicleData.Fill ${ACTIVE_CATEGORY} Form Data</arg>
<arg>${LIST}[${COUNTER}]</arg>
<doc>Executes the given keyword with the given arguments.</doc>
<status status="PASS" start="2024-01-31T21:14:47.208502" elapsed="0.273132"/>
</kw>
<kw name="Increment Counter" owner="DataManager">
<kw name="Evaluate" owner="BuiltIn">
<msg time="2024-01-31T21:14:47.482295" level="INFO">${COUNTER} = 8</msg>
<var>${COUNTER}</var>
<arg>${COUNTER} + 1</arg>
<doc>Evaluates the given expression in Python and returns the result.</doc>
<status status="PASS" start="2024-01-31T21:14:47.482010" elapsed="0.000384"/>
</kw>
<kw name="Set Global Variable" owner="BuiltIn">
<msg time="2024-01-31T21:14:47.482720" level="INFO">${COUNTER} = 8</msg>
<arg>${COUNTER}</arg>
<doc>Makes a variable available globally in all tests and suites.</doc>
<status status="PASS" start="2024-01-31T21:14:47.482541" elapsed="0.000232"/>
</kw>
<status status="PASS" start="2024-01-31T21:14:47.481770" elapsed="0.001061"/>
</kw>
<var name="${ROW}">7</var>
<status status="PASS" start="2024-01-31T21:14:47.208428" elapsed="0.274442"/>
</iter>
<iter>
<kw name="Run Keyword" owner="BuiltIn">
<kw name="Fill Automobile Form Data" owner="VehicleData">
<kw name="Select From List By Value" owner="SeleniumLibrary">
<msg time="2024-01-31T21:14:47.483526" level="INFO">Selecting options from selection list 'xpath=//select[@id='make']' by value Porsche.</msg>
<arg>${MAKE_XPATH}</arg>
<arg>${automobile}[0]</arg>
<doc>Selects options from selection list ``locator`` by ``values``.</doc>
<status status="PASS" start="2024-01-31T21:14:47.483396" elapsed="0.029732"/>
</kw>
<kw name="Input Text" owner="SeleniumLibrary">
<msg time="2024-01-31T21:14:47.513545" level="INFO">Typing text '100' into text field 'xpath=//input[@id='engineperformance']'.</msg>
<arg>${ENGINE_PERFORMANCE_XPATH}</arg>
<arg>${automobile}[1]</arg>
<doc>Types the given ``text`` into the text field identified by ``locator``.</doc>
<status status="PASS" start="2024-01-31T21:14:47.513316" elapsed="0.038157"/>
</kw>
<kw name="Input Text" owner="SeleniumLibrary">
<msg time="2024-01-31T21:14:47.551902" level="INFO">Typing text '09/14/2019' into text field 'xpath=//input[@id='dateofmanufacture']'.</msg>
<arg>${MANUFACTURE_DATE_XPATH}</arg>
<arg>${automobile}[2]</arg>
<doc>Types the given ``text`` into the text field identified by ``locator``.</doc>
<status status="PASS" start="2024-01-31T21:14:47.551641" elapsed="0.049551"/>
</kw>
<kw name="Select From List By Value" owner="SeleniumLibrary">
<msg time="2024-01-31T21:14:47.601632" level="INFO">Selecting options from selection list 'xpath=//select[@id='numberofseats']' by value 5.</msg>
<arg>${NUMBER_OF_SEATS_XPATH}</arg>
<arg>${automobile}[3]</arg>
<doc>Selects options from selection list ``locator`` by ``values``.</doc>
<status status="PASS" start="2024-01-31T21:14:47.601395" elapsed="0.016219"/>
</kw>
<kw name="Select From List By Value" owner="SeleniumLibrary">
<msg time="2024-01-31T21:14:47.617995" level="INFO">Selecting options from selection list 'xpath=//select[@id='fuel']' by value Electric Power.</msg>
<arg>${FUEL_TYPE_XPATH}</arg>
<arg>${automobile}[4]</arg>
<doc>Selects options from selection list ``locator`` by ``values``.</doc>
<status status="PASS" start="2024-01-31T21:14:47.617780" elapsed="0.027195"/>
</kw>
<kw name="Input Text" owner="SeleniumLibrary">
<msg time="2024-01-31T21:14:47.645357" level="INFO">Typing text '24000' into text field 'xpath=//input[@id='listprice']'.</msg>
<arg>${LIST_PRICE_XPATH}</arg>
<arg>${automobile}[5]</arg>
<doc>Types the given ``text`` into the text field identified by ``locator``.</doc>
<status status="PASS" start="2024-01-31T21:14:47.645143" elapsed="0.039818"/>
</kw>
<kw name="Input Text" owner="SeleniumLibrary">
<msg time="2024-01-31T21:14:47.685344" level="INFO">Typing text 'UVW876' into text field 'xpath=//input[@id='licenseplatenumber']'.</msg>
<arg>${LICENSE_PLATE_XPATH}</arg>
<arg>${automobile}[6]</arg>
<doc>Types the given ``text`` into the text field identified by ``locator``.</doc>
<status status="PASS" start="2024-01-31T21:14:47.685131" elapsed="0.039609"/>
</kw>
<kw name="Input Text" owner="SeleniumLibrary">
<msg time="2024-01-31T21:14:47.725160" level="INFO">Typing text '17000' into text field 'xpath=//input[@id='annualmileage']'.</msg>
<arg>${ANNUAL_MILEAGE_XPATH}</arg>
<arg>${automobile}[7]</arg>
<doc>Types the given ``text`` into the text field identified by ``locator``.</doc>
<status status="PASS" start="2024-01-31T21:14:47.724920" elapsed="0.043939"/>
</kw>
<arg>${LIST}[${COUNTER}]</arg>
<status status="PASS" start="2024-01-31T21:14:47.483223" elapsed="0.285759"/>
</kw>
<arg>VehicleData.Fill ${ACTIVE_CATEGORY} Form Data</arg>
<arg>${LIST}[${COUNTER}]</arg>
<doc>Executes the given keyword with the given arguments.</doc>
<status status="PASS" start="2024-01-31T21:14:47.483012" elapsed="0.286023"/>
</kw>
<kw name="Increment Counter" owner="DataManager">
<kw name="Evaluate" owner="BuiltIn">
<msg time="2024-01-31T21:14:47.769554" level="INFO">${COUNTER} = 9</msg>
<var>${COUNTER}</var>
<arg>${COUNTER} + 1</arg>
<doc>Evaluates the given expression in Python and returns the result.</doc>
<status status="PASS" start="2024-01-31T21:14:47.769399" elapsed="0.000220"/>
</kw>
<kw name="Set Global Variable" owner="BuiltIn">
<msg time="2024-01-31T21:14:47.769829" level="INFO">${COUNTER} = 9</msg>
<arg>${COUNTER}</arg>
<doc>Makes a variable available globally in all tests and suites.</doc>
<status status="PASS" start="2024-01-31T21:14:47.769699" elapsed="0.000171"/>
</kw>
<status status="PASS" start="2024-01-31T21:14:47.769159" elapsed="0.000866"/>
</kw>
<var name="${ROW}">8</var>
<status status="PASS" start="2024-01-31T21:14:47.482938" elapsed="0.287142"/>
</iter>
<iter>
<kw name="Run Keyword" owner="BuiltIn">
<kw name="Fill Automobile Form Data" owner="VehicleData">
<kw name="Select From List By Value" owner="SeleniumLibrary">
<msg time="2024-01-31T21:14:47.770846" level="INFO">Selecting options from selection list 'xpath=//select[@id='make']' by value Renault.</msg>
<arg>${MAKE_XPATH}</arg>
<arg>${automobile}[0]</arg>
<doc>Selects options from selection list ``locator`` by ``values``.</doc>
<status status="PASS" start="2024-01-31T21:14:47.770712" elapsed="0.030439"/>
</kw>
<kw name="Input Text" owner="SeleniumLibrary">
<msg time="2024-01-31T21:14:47.801543" level="INFO">Typing text '130' into text field 'xpath=//input[@id='engineperformance']'.</msg>
<arg>${ENGINE_PERFORMANCE_XPATH}</arg>
<arg>${automobile}[1]</arg>
<doc>Types the given ``text`` into the text field identified by ``locator``.</doc>
<status status="PASS" start="2024-01-31T21:14:47.801321" elapsed="0.036927"/>
</kw>
<kw name="Input Text" owner="SeleniumLibrary">
<msg time="2024-01-31T21:14:47.838660" level="INFO">Typing text '03/02/2023' into text field 'xpath=//input[@id='dateofmanufacture']'.</msg>
<arg>${MANUFACTURE_DATE_XPATH}</arg>
<arg>${automobile}[2]</arg>
<doc>Types the given ``text`` into the text field identified by ``locator``.</doc>
<status status="PASS" start="2024-01-31T21:14:47.838441" elapsed="0.051695"/>
</kw>
<kw name="Select From List By Value" owner="SeleniumLibrary">
<msg time="2024-01-31T21:14:47.890584" level="INFO">Selecting options from selection list 'xpath=//select[@id='numberofseats']' by value 6.</msg>
<arg>${NUMBER_OF_SEATS_XPATH}</arg>
<arg>${automobile}[3]</arg>
<doc>Selects options from selection list ``locator`` by ``values``.</doc>
<status status="PASS" start="2024-01-31T21:14:47.890325" elapsed="0.029695"/>
</kw>
<kw name="Select From List By Value" owner="SeleniumLibrary">
<msg time="2024-01-31T21:14:47.920410" level="INFO">Selecting options from selection list 'xpath=//select[@id='fuel']' by value Gas.</msg>
<arg>${FUEL_TYPE_XPATH}</arg>
<arg>${automobile}[4]</arg>
<doc>Selects options from selection list ``locator`` by ``values``.</doc>
<status status="PASS" start="2024-01-31T21:14:47.920192" elapsed="0.026846"/>
</kw>
<kw name="Input Text" owner="SeleniumLibrary">
<msg time="2024-01-31T21:14:47.947438" level="INFO">Typing text '32000' into text field 'xpath=//input[@id='listprice']'.</msg>
<arg>${LIST_PRICE_XPATH}</arg>
<arg>${automobile}[5]</arg>
<doc>Types the given ``text`` into the text field identified by ``locator``.</doc>
<status status="PASS" start="2024-01-31T21:14:47.947206" elapsed="0.040177"/>
</kw>
<kw name="Input Text" owner="SeleniumLibrary">
<msg time="2024-01-31T21:14:47.987799" level="INFO">Typing text 'STU543' into text field 'xpath=//input[@id='licenseplatenumber']'.</msg>
<arg>${LICENSE_PLATE_XPATH}</arg>
<arg>${automobile}[6]</arg>
<doc>Types the given ``text`` into the text field identified by ``locator``.</doc>
<status status="PASS" start="2024-01-31T21:14:47.987571" elapsed="0.039317"/>
</kw>
<kw name="Input Text" owner="SeleniumLibrary">
<msg time="2024-01-31T21:14:48.027310" level="INFO">Typing text '15000' into text field 'xpath=//input[@id='annualmileage']'.</msg>
<arg>${ANNUAL_MILEAGE_XPATH}</arg>
<arg>${automobile}[7]</arg>
<doc>Types the given ``text`` into the text field identified by ``locator``.</doc>
<status status="PASS" start="2024-01-31T21:14:48.027073" elapsed="0.040969"/>
</kw>
<arg>${LIST}[${COUNTER}]</arg>
<status status="PASS" start="2024-01-31T21:14:47.770449" elapsed="0.297729"/>
</kw>
<arg>VehicleData.Fill ${ACTIVE_CATEGORY} Form Data</arg>
<arg>${LIST}[${COUNTER}]</arg>
<doc>Executes the given keyword with the given arguments.</doc>
<status status="PASS" start="2024-01-31T21:14:47.770235" elapsed="0.297999"/>
</kw>
<kw name="Increment Counter" owner="DataManager">
<kw name="Evaluate" owner="BuiltIn">
<msg time="2024-01-31T21:14:48.068727" level="INFO">${COUNTER} = 10</msg>
<var>${COUNTER}</var>
<arg>${COUNTER} + 1</arg>
<doc>Evaluates the given expression in Python and returns the result.</doc>
<status status="PASS" start="2024-01-31T21:14:48.068577" elapsed="0.000217"/>
</kw>
<kw name="Set Global Variable" owner="BuiltIn">
<msg time="2024-01-31T21:14:48.069010" level="INFO">${COUNTER} = 10</msg>
<arg>${COUNTER}</arg>
<doc>Makes a variable available globally in all tests and suites.</doc>
<status status="PASS" start="2024-01-31T21:14:48.068878" elapsed="0.000175"/>
</kw>
<status status="PASS" start="2024-01-31T21:14:48.068361" elapsed="0.000742"/>
</kw>
<var name="${ROW}">9</var>
<status status="PASS" start="2024-01-31T21:14:47.770152" elapsed="0.298987"/>
</iter>
<iter>
<kw name="Run Keyword" owner="BuiltIn">
<kw name="Fill Automobile Form Data" owner="VehicleData">
<kw name="Select From List By Value" owner="SeleniumLibrary">
<msg time="2024-01-31T21:14:48.069727" level="INFO">Selecting options from selection list 'xpath=//select[@id='make']' by value Skoda.</msg>
<arg>${MAKE_XPATH}</arg>
<arg>${automobile}[0]</arg>
<doc>Selects options from selection list ``locator`` by ``values``.</doc>
<status status="PASS" start="2024-01-31T21:14:48.069605" elapsed="0.029322"/>
</kw>
<kw name="Input Text" owner="SeleniumLibrary">
<msg time="2024-01-31T21:14:48.099353" level="INFO">Typing text '145' into text field 'xpath=//input[@id='engineperformance']'.</msg>
<arg>${ENGINE_PERFORMANCE_XPATH}</arg>
<arg>${automobile}[1]</arg>
<doc>Types the given ``text`` into the text field identified by ``locator``.</doc>
<status status="PASS" start="2024-01-31T21:14:48.099114" elapsed="0.038302"/>
</kw>
<kw name="Input Text" owner="SeleniumLibrary">
<msg time="2024-01-31T21:14:48.137815" level="INFO">Typing text '08/14/2020' into text field 'xpath=//input[@id='dateofmanufacture']'.</msg>
<arg>${MANUFACTURE_DATE_XPATH}</arg>
<arg>${automobile}[2]</arg>
<doc>Types the given ``text`` into the text field identified by ``locator``.</doc>
<status status="PASS" start="2024-01-31T21:14:48.137593" elapsed="0.052751"/>
</kw>
<kw name="Select From List By Value" owner="SeleniumLibrary">
<msg time="2024-01-31T21:14:48.190827" level="INFO">Selecting options from selection list 'xpath=//select[@id='numberofseats']' by value 7.</msg>
<arg>${NUMBER_OF_SEATS_XPATH}</arg>
<arg>${automobile}[3]</arg>
<doc>Selects options from selection list ``locator`` by ``values``.</doc>
<status status="PASS" start="2024-01-31T21:14:48.190542" elapsed="0.031631"/>
</kw>
<kw name="Select From List By Value" owner="SeleniumLibrary">
<msg time="2024-01-31T21:14:48.222557" level="INFO">Selecting options from selection list 'xpath=//select[@id='fuel']' by value Electric Power.</msg>
<arg>${FUEL_TYPE_XPATH}</arg>
<arg>${automobile}[4]</arg>
<doc>Selects options from selection list ``locator`` by ``values``.</doc>
<status status="PASS" start="2024-01-31T21:14:48.222341" elapsed="0.027121"/>
</kw>
<kw name="Input Text" owner="SeleniumLibrary">
<msg time="2024-01-31T21:14:48.249888" level="INFO">Typing text '40000' into text field 'xpath=//input[@id='listprice']'.</msg>
<arg>${LIST_PRICE_XPATH}</arg>
<arg>${automobile}[5]</arg>
<doc>Types the given ``text`` into the text field identified by ``locator``.</doc>
<status status="PASS" start="2024-01-31T21:14:48.249660" elapsed="0.040204"/>
</kw>
<kw name="Input Text" owner="SeleniumLibrary">
<msg time="2024-01-31T21:14:48.290265" level="INFO">Typing text 'WXY321' into text field 'xpath=//input[@id='licenseplatenumber']'.</msg>
<arg>${LICENSE_PLATE_XPATH}</arg>
<arg>${automobile}[6]</arg>
<doc>Types the given ``text`` into the text field identified by ``locator``.</doc>
<status status="PASS" start="2024-01-31T21:14:48.290031" elapsed="0.039427"/>
</kw>
<kw name="Input Text" owner="SeleniumLibrary">
<msg time="2024-01-31T21:14:48.329844" level="INFO">Typing text '25000' into text field 'xpath=//input[@id='annualmileage']'.</msg>
<arg>${ANNUAL_MILEAGE_XPATH}</arg>
<arg>${automobile}[7]</arg>
<doc>Types the given ``text`` into the text field identified by ``locator``.</doc>
<status status="PASS" start="2024-01-31T21:14:48.329628" elapsed="0.042879"/>
</kw>
<arg>${LIST}[${COUNTER}]</arg>
<status status="PASS" start="2024-01-31T21:14:48.069457" elapsed="0.303175"/>
</kw>
<arg>VehicleData.Fill ${ACTIVE_CATEGORY} Form Data</arg>
<arg>${LIST}[${COUNTER}]</arg>
<doc>Executes the given keyword with the given arguments.</doc>
<status status="PASS" start="2024-01-31T21:14:48.069266" elapsed="0.303418"/>
</kw>
<kw name="Increment Counter" owner="DataManager">
<kw name="Evaluate" owner="BuiltIn">
<msg time="2024-01-31T21:14:48.373210" level="INFO">${COUNTER} = 11</msg>
<var>${COUNTER}</var>
<arg>${COUNTER} + 1</arg>
<doc>Evaluates the given expression in Python and returns the result.</doc>
<status status="PASS" start="2024-01-31T21:14:48.373044" elapsed="0.000235"/>
</kw>
<kw name="Set Global Variable" owner="BuiltIn">
<msg time="2024-01-31T21:14:48.373494" level="INFO">${COUNTER} = 11</msg>
<arg>${COUNTER}</arg>
<doc>Makes a variable available globally in all tests and suites.</doc>
<status status="PASS" start="2024-01-31T21:14:48.373360" elapsed="0.000182"/>
</kw>
<status status="PASS" start="2024-01-31T21:14:48.372811" elapsed="0.000784"/>
</kw>
<var name="${ROW}">10</var>
<status status="PASS" start="2024-01-31T21:14:48.069200" elapsed="0.304431"/>
</iter>
<iter>
<kw name="Run Keyword" owner="BuiltIn">
<kw name="Fill Automobile Form Data" owner="VehicleData">
<kw name="Select From List By Value" owner="SeleniumLibrary">
<msg time="2024-01-31T21:14:48.374489" level="INFO">Selecting options from selection list 'xpath=//select[@id='make']' by value Suzuki.</msg>
<arg>${MAKE_XPATH}</arg>
<arg>${automobile}[0]</arg>
<doc>Selects options from selection list ``locator`` by ``values``.</doc>
<status status="PASS" start="2024-01-31T21:14:48.374346" elapsed="0.029266"/>
</kw>
<kw name="Input Text" owner="SeleniumLibrary">
<msg time="2024-01-31T21:14:48.403997" level="INFO">Typing text '120' into text field 'xpath=//input[@id='engineperformance']'.</msg>
<arg>${ENGINE_PERFORMANCE_XPATH}</arg>
<arg>${automobile}[1]</arg>
<doc>Types the given ``text`` into the text field identified by ``locator``.</doc>
<status status="PASS" start="2024-01-31T21:14:48.403782" elapsed="0.036934"/>
</kw>
<kw name="Input Text" owner="SeleniumLibrary">
<msg time="2024-01-31T21:14:48.441109" level="INFO">Typing text '01/08/2022' into text field 'xpath=//input[@id='dateofmanufacture']'.</msg>
<arg>${MANUFACTURE_DATE_XPATH}</arg>
<arg>${automobile}[2]</arg>
<doc>Types the given ``text`` into the text field identified by ``locator``.</doc>
<status status="PASS" start="2024-01-31T21:14:48.440894" elapsed="0.051565"/>
</kw>
<kw name="Select From List By Value" owner="SeleniumLibrary">
<msg time="2024-01-31T21:14:48.492881" level="INFO">Selecting options from selection list 'xpath=//select[@id='numberofseats']' by value 5.</msg>
<arg>${NUMBER_OF_SEATS_XPATH}</arg>
<arg>${automobile}[3]</arg>
<doc>Selects options from selection list ``locator`` by ``values``.</doc>
<status status="PASS" start="2024-01-31T21:14:48.492644" elapsed="0.027593"/>
</kw>
<kw name="Select From List By Value" owner="SeleniumLibrary">
<msg time="2024-01-31T21:14:48.520624" level="INFO">Selecting options from selection list 'xpath=//select[@id='fuel']' by value Other.</msg>
<arg>${FUEL_TYPE_XPATH}</arg>
<arg>${automobile}[4]</arg>
<doc>Selects options from selection list ``locator`` by ``values``.</doc>
<status status="PASS" start="2024-01-31T21:14:48.520407" elapsed="0.028810"/>
</kw>
<kw name="Input Text" owner="SeleniumLibrary">
<msg time="2024-01-31T21:14:48.549633" level="INFO">Typing text '30000' into text field 'xpath=//input[@id='listprice']'.</msg>
<arg>${LIST_PRICE_XPATH}</arg>
<arg>${automobile}[5]</arg>
<doc>Types the given ``text`` into the text field identified by ``locator``.</doc>
<status status="PASS" start="2024-01-31T21:14:48.549401" elapsed="0.040636"/>
</kw>
<kw name="Input Text" owner="SeleniumLibrary">
<msg time="2024-01-31T21:14:48.590527" level="INFO">Typing text 'QAZ789' into text field 'xpath=//input[@id='licenseplatenumber']'.</msg>
<arg>${LICENSE_PLATE_XPATH}</arg>
<arg>${automobile}[6]</arg>
<doc>Types the given ``text`` into the text field identified by ``locator``.</doc>
<status status="PASS" start="2024-01-31T21:14:48.590222" elapsed="0.042042"/>
</kw>
<kw name="Input Text" owner="SeleniumLibrary">
<msg time="2024-01-31T21:14:48.632681" level="INFO">Typing text '18000' into text field 'xpath=//input[@id='annualmileage']'.</msg>
<arg>${ANNUAL_MILEAGE_XPATH}</arg>
<arg>${automobile}[7]</arg>
<doc>Types the given ``text`` into the text field identified by ``locator``.</doc>
<status status="PASS" start="2024-01-31T21:14:48.632448" elapsed="0.039298"/>
</kw>
<arg>${LIST}[${COUNTER}]</arg>
<status status="PASS" start="2024-01-31T21:14:48.374165" elapsed="0.297717"/>
</kw>
<arg>VehicleData.Fill ${ACTIVE_CATEGORY} Form Data</arg>
<arg>${LIST}[${COUNTER}]</arg>
<doc>Executes the given keyword with the given arguments.</doc>
<status status="PASS" start="2024-01-31T21:14:48.373910" elapsed="0.298024"/>
</kw>
<kw name="Increment Counter" owner="DataManager">
<kw name="Evaluate" owner="BuiltIn">
<msg time="2024-01-31T21:14:48.672459" level="INFO">${COUNTER} = 12</msg>
<var>${COUNTER}</var>
<arg>${COUNTER} + 1</arg>
<doc>Evaluates the given expression in Python and returns the result.</doc>
<status status="PASS" start="2024-01-31T21:14:48.672309" elapsed="0.000216"/>
</kw>
<kw name="Set Global Variable" owner="BuiltIn">
<msg time="2024-01-31T21:14:48.672732" level="INFO">${COUNTER} = 12</msg>
<arg>${COUNTER}</arg>
<doc>Makes a variable available globally in all tests and suites.</doc>
<status status="PASS" start="2024-01-31T21:14:48.672605" elapsed="0.000168"/>
</kw>
<status status="PASS" start="2024-01-31T21:14:48.672061" elapsed="0.000761"/>
</kw>
<var name="${ROW}">11</var>
<status status="PASS" start="2024-01-31T21:14:48.373720" elapsed="0.299136"/>
</iter>
<iter>
<kw name="Run Keyword" owner="BuiltIn">
<kw name="Fill Automobile Form Data" owner="VehicleData">
<kw name="Select From List By Value" owner="SeleniumLibrary">
<msg time="2024-01-31T21:14:48.673468" level="INFO">Selecting options from selection list 'xpath=//select[@id='make']' by value Toyota.</msg>
<arg>${MAKE_XPATH}</arg>
<arg>${automobile}[0]</arg>
<doc>Selects options from selection list ``locator`` by ``values``.</doc>
<status status="PASS" start="2024-01-31T21:14:48.673341" elapsed="0.029904"/>
</kw>
<kw name="Input Text" owner="SeleniumLibrary">
<msg time="2024-01-31T21:14:48.703626" level="INFO">Typing text '155' into text field 'xpath=//input[@id='engineperformance']'.</msg>
<arg>${ENGINE_PERFORMANCE_XPATH}</arg>
<arg>${automobile}[1]</arg>
<doc>Types the given ``text`` into the text field identified by ``locator``.</doc>
<status status="PASS" start="2024-01-31T21:14:48.703414" elapsed="0.038691"/>
</kw>
<kw name="Input Text" owner="SeleniumLibrary">
<msg time="2024-01-31T21:14:48.742519" level="INFO">Typing text '05/22/2019' into text field 'xpath=//input[@id='dateofmanufacture']'.</msg>
<arg>${MANUFACTURE_DATE_XPATH}</arg>
<arg>${automobile}[2]</arg>
<doc>Types the given ``text`` into the text field identified by ``locator``.</doc>
<status status="PASS" start="2024-01-31T21:14:48.742304" elapsed="0.050861"/>
</kw>
<kw name="Select From List By Value" owner="SeleniumLibrary">
<msg time="2024-01-31T21:14:48.793640" level="INFO">Selecting options from selection list 'xpath=//select[@id='numberofseats']' by value 5.</msg>
<arg>${NUMBER_OF_SEATS_XPATH}</arg>
<arg>${automobile}[3]</arg>
<doc>Selects options from selection list ``locator`` by ``values``.</doc>
<status status="PASS" start="2024-01-31T21:14:48.793362" elapsed="0.016343"/>
</kw>
<kw name="Select From List By Value" owner="SeleniumLibrary">
<msg time="2024-01-31T21:14:48.810092" level="INFO">Selecting options from selection list 'xpath=//select[@id='fuel']' by value Petrol.</msg>
<arg>${FUEL_TYPE_XPATH}</arg>
<arg>${automobile}[4]</arg>
<doc>Selects options from selection list ``locator`` by ``values``.</doc>
<status status="PASS" start="2024-01-31T21:14:48.809870" elapsed="0.030650"/>
</kw>
<kw name="Input Text" owner="SeleniumLibrary">
<msg time="2024-01-31T21:14:48.841036" level="INFO">Typing text '32000' into text field 'xpath=//input[@id='listprice']'.</msg>
<arg>${LIST_PRICE_XPATH}</arg>
<arg>${automobile}[5]</arg>
<doc>Types the given ``text`` into the text field identified by ``locator``.</doc>
<status status="PASS" start="2024-01-31T21:14:48.840781" elapsed="0.049382"/>
</kw>
<kw name="Input Text" owner="SeleniumLibrary">
<msg time="2024-01-31T21:14:48.890632" level="INFO">Typing text 'KLM456' into text field 'xpath=//input[@id='licenseplatenumber']'.</msg>
<arg>${LICENSE_PLATE_XPATH}</arg>
<arg>${automobile}[6]</arg>
<doc>Types the given ``text`` into the text field identified by ``locator``.</doc>
<status status="PASS" start="2024-01-31T21:14:48.890365" elapsed="0.045846"/>
</kw>
<kw name="Input Text" owner="SeleniumLibrary">
<msg time="2024-01-31T21:14:48.936637" level="INFO">Typing text '22000' into text field 'xpath=//input[@id='annualmileage']'.</msg>
<arg>${ANNUAL_MILEAGE_XPATH}</arg>
<arg>${automobile}[7]</arg>
<doc>Types the given ``text`` into the text field identified by ``locator``.</doc>
<status status="PASS" start="2024-01-31T21:14:48.936391" elapsed="0.047971"/>
</kw>
<arg>${LIST}[${COUNTER}]</arg>
<status status="PASS" start="2024-01-31T21:14:48.673190" elapsed="0.311295"/>
</kw>
<arg>VehicleData.Fill ${ACTIVE_CATEGORY} Form Data</arg>
<arg>${LIST}[${COUNTER}]</arg>
<doc>Executes the given keyword with the given arguments.</doc>
<status status="PASS" start="2024-01-31T21:14:48.672983" elapsed="0.311554"/>
</kw>
<kw name="Increment Counter" owner="DataManager">
<kw name="Evaluate" owner="BuiltIn">
<msg time="2024-01-31T21:14:48.985053" level="INFO">${COUNTER} = 13</msg>
<var>${COUNTER}</var>
<arg>${COUNTER} + 1</arg>
<doc>Evaluates the given expression in Python and returns the result.</doc>
<status status="PASS" start="2024-01-31T21:14:48.984892" elapsed="0.000240"/>
</kw>
<kw name="Set Global Variable" owner="BuiltIn">
<msg time="2024-01-31T21:14:48.985459" level="INFO">${COUNTER} = 13</msg>
<arg>${COUNTER}</arg>
<doc>Makes a variable available globally in all tests and suites.</doc>
<status status="PASS" start="2024-01-31T21:14:48.985228" elapsed="0.000298"/>
</kw>
<status status="PASS" start="2024-01-31T21:14:48.984660" elapsed="0.000937"/>
</kw>
<var name="${ROW}">12</var>
<status status="PASS" start="2024-01-31T21:14:48.672917" elapsed="0.312723"/>
</iter>
<iter>
<kw name="Run Keyword" owner="BuiltIn">
<kw name="Fill Automobile Form Data" owner="VehicleData">
<kw name="Select From List By Value" owner="SeleniumLibrary">
<msg time="2024-01-31T21:14:48.986358" level="INFO">Selecting options from selection list 'xpath=//select[@id='make']' by value Volkswagen.</msg>
<arg>${MAKE_XPATH}</arg>
<arg>${automobile}[0]</arg>
<doc>Selects options from selection list ``locator`` by ``values``.</doc>
<status status="PASS" start="2024-01-31T21:14:48.986216" elapsed="0.034256"/>
</kw>
<kw name="Input Text" owner="SeleniumLibrary">
<msg time="2024-01-31T21:14:49.020864" level="INFO">Typing text '90' into text field 'xpath=//input[@id='engineperformance']'.</msg>
<arg>${ENGINE_PERFORMANCE_XPATH}</arg>
<arg>${automobile}[1]</arg>
<doc>Types the given ``text`` into the text field identified by ``locator``.</doc>
<status status="PASS" start="2024-01-31T21:14:49.020644" elapsed="0.044422"/>
</kw>
<kw name="Input Text" owner="SeleniumLibrary">
<msg time="2024-01-31T21:14:49.065584" level="INFO">Typing text '07/11/2021' into text field 'xpath=//input[@id='dateofmanufacture']'.</msg>
<arg>${MANUFACTURE_DATE_XPATH}</arg>
<arg>${automobile}[2]</arg>
<doc>Types the given ``text`` into the text field identified by ``locator``.</doc>
<status status="PASS" start="2024-01-31T21:14:49.065261" elapsed="0.057791"/>
</kw>
<kw name="Select From List By Value" owner="SeleniumLibrary">
<msg time="2024-01-31T21:14:49.123508" level="INFO">Selecting options from selection list 'xpath=//select[@id='numberofseats']' by value 4.</msg>
<arg>${NUMBER_OF_SEATS_XPATH}</arg>
<arg>${automobile}[3]</arg>
<doc>Selects options from selection list ``locator`` by ``values``.</doc>
<status status="PASS" start="2024-01-31T21:14:49.123242" elapsed="0.033093"/>
</kw>
<kw name="Select From List By Value" owner="SeleniumLibrary">
<msg time="2024-01-31T21:14:49.156741" level="INFO">Selecting options from selection list 'xpath=//select[@id='fuel']' by value Diesel.</msg>
<arg>${FUEL_TYPE_XPATH}</arg>
<arg>${automobile}[4]</arg>
<doc>Selects options from selection list ``locator`` by ``values``.</doc>
<status status="PASS" start="2024-01-31T21:14:49.156518" elapsed="0.030070"/>
</kw>
<kw name="Input Text" owner="SeleniumLibrary">
<msg time="2024-01-31T21:14:49.187058" level="INFO">Typing text '27000' into text field 'xpath=//input[@id='listprice']'.</msg>
<arg>${LIST_PRICE_XPATH}</arg>
<arg>${automobile}[5]</arg>
<doc>Types the given ``text`` into the text field identified by ``locator``.</doc>
<status status="PASS" start="2024-01-31T21:14:49.186786" elapsed="0.046512"/>
</kw>
<kw name="Input Text" owner="SeleniumLibrary">
<msg time="2024-01-31T21:14:49.233801" level="INFO">Typing text 'NML987' into text field 'xpath=//input[@id='licenseplatenumber']'.</msg>
<arg>${LICENSE_PLATE_XPATH}</arg>
<arg>${automobile}[6]</arg>
<doc>Types the given ``text`` into the text field identified by ``locator``.</doc>
<status status="PASS" start="2024-01-31T21:14:49.233489" elapsed="0.046518"/>
</kw>
<kw name="Input Text" owner="SeleniumLibrary">
<msg time="2024-01-31T21:14:49.280404" level="INFO">Typing text '19000' into text field 'xpath=//input[@id='annualmileage']'.</msg>
<arg>${ANNUAL_MILEAGE_XPATH}</arg>
<arg>${automobile}[7]</arg>
<doc>Types the given ``text`` into the text field identified by ``locator``.</doc>
<status status="PASS" start="2024-01-31T21:14:49.280179" elapsed="0.044981"/>
</kw>
<arg>${LIST}[${COUNTER}]</arg>
<status status="PASS" start="2024-01-31T21:14:48.986033" elapsed="0.339252"/>
</kw>
<arg>VehicleData.Fill ${ACTIVE_CATEGORY} Form Data</arg>
<arg>${LIST}[${COUNTER}]</arg>
<doc>Executes the given keyword with the given arguments.</doc>
<status status="PASS" start="2024-01-31T21:14:48.985800" elapsed="0.339537"/>
</kw>
<kw name="Increment Counter" owner="DataManager">
<kw name="Evaluate" owner="BuiltIn">
<msg time="2024-01-31T21:14:49.325867" level="INFO">${COUNTER} = 14</msg>
<var>${COUNTER}</var>
<arg>${COUNTER} + 1</arg>
<doc>Evaluates the given expression in Python and returns the result.</doc>
<status status="PASS" start="2024-01-31T21:14:49.325703" elapsed="0.000231"/>
</kw>
<kw name="Set Global Variable" owner="BuiltIn">
<msg time="2024-01-31T21:14:49.326204" level="INFO">${COUNTER} = 14</msg>
<arg>${COUNTER}</arg>
<doc>Makes a variable available globally in all tests and suites.</doc>
<status status="PASS" start="2024-01-31T21:14:49.326022" elapsed="0.000321"/>
</kw>
<status status="PASS" start="2024-01-31T21:14:49.325466" elapsed="0.000983"/>
</kw>
<var name="${ROW}">13</var>
<status status="PASS" start="2024-01-31T21:14:48.985711" elapsed="0.340781"/>
</iter>
<iter>
<kw name="Run Keyword" owner="BuiltIn">
<kw name="Fill Automobile Form Data" owner="VehicleData">
<kw name="Select From List By Value" owner="SeleniumLibrary">
<msg time="2024-01-31T21:14:49.327572" level="INFO">Selecting options from selection list 'xpath=//select[@id='make']' by value Volvo.</msg>
<arg>${MAKE_XPATH}</arg>
<arg>${automobile}[0]</arg>
<doc>Selects options from selection list ``locator`` by ``values``.</doc>
<status status="PASS" start="2024-01-31T21:14:49.327413" elapsed="0.032679"/>
</kw>
<kw name="Input Text" owner="SeleniumLibrary">
<msg time="2024-01-31T21:14:49.360483" level="INFO">Typing text '140' into text field 'xpath=//input[@id='engineperformance']'.</msg>
<arg>${ENGINE_PERFORMANCE_XPATH}</arg>
<arg>${automobile}[1]</arg>
<doc>Types the given ``text`` into the text field identified by ``locator``.</doc>
<status status="PASS" start="2024-01-31T21:14:49.360261" elapsed="0.037235"/>
</kw>
<kw name="Input Text" owner="SeleniumLibrary">
<msg time="2024-01-31T21:14:49.397965" level="INFO">Typing text '09/30/2022' into text field 'xpath=//input[@id='dateofmanufacture']'.</msg>
<arg>${MANUFACTURE_DATE_XPATH}</arg>
<arg>${automobile}[2]</arg>
<doc>Types the given ``text`` into the text field identified by ``locator``.</doc>
<status status="PASS" start="2024-01-31T21:14:49.397672" elapsed="0.049562"/>
</kw>
<kw name="Select From List By Value" owner="SeleniumLibrary">
<msg time="2024-01-31T21:14:49.447635" level="INFO">Selecting options from selection list 'xpath=//select[@id='numberofseats']' by value 6.</msg>
<arg>${NUMBER_OF_SEATS_XPATH}</arg>
<arg>${automobile}[3]</arg>
<doc>Selects options from selection list ``locator`` by ``values``.</doc>
<status status="PASS" start="2024-01-31T21:14:49.447405" elapsed="0.028069"/>
</kw>
<kw name="Select From List By Value" owner="SeleniumLibrary">
<msg time="2024-01-31T21:14:49.475849" level="INFO">Selecting options from selection list 'xpath=//select[@id='fuel']' by value Gas.</msg>
<arg>${FUEL_TYPE_XPATH}</arg>
<arg>${automobile}[4]</arg>
<doc>Selects options from selection list ``locator`` by ``values``.</doc>
<status status="PASS" start="2024-01-31T21:14:49.475638" elapsed="0.025782"/>
</kw>
<kw name="Input Text" owner="SeleniumLibrary">
<msg time="2024-01-31T21:14:49.501849" level="INFO">Typing text '35000' into text field 'xpath=//input[@id='listprice']'.</msg>
<arg>${LIST_PRICE_XPATH}</arg>
<arg>${automobile}[5]</arg>
<doc>Types the given ``text`` into the text field identified by ``locator``.</doc>
<status status="PASS" start="2024-01-31T21:14:49.501619" elapsed="0.038838"/>
</kw>
<kw name="Input Text" owner="SeleniumLibrary">
<msg time="2024-01-31T21:14:49.540913" level="INFO">Typing text 'PLK654' into text field 'xpath=//input[@id='licenseplatenumber']'.</msg>
<arg>${LICENSE_PLATE_XPATH}</arg>
<arg>${automobile}[6]</arg>
<doc>Types the given ``text`` into the text field identified by ``locator``.</doc>
<status status="PASS" start="2024-01-31T21:14:49.540644" elapsed="0.039069"/>
</kw>
<kw name="Input Text" owner="SeleniumLibrary">
<msg time="2024-01-31T21:14:49.580150" level="INFO">Typing text '21000' into text field 'xpath=//input[@id='annualmileage']'.</msg>
<arg>${ANNUAL_MILEAGE_XPATH}</arg>
<arg>${automobile}[7]</arg>
<doc>Types the given ``text`` into the text field identified by ``locator``.</doc>
<status status="PASS" start="2024-01-31T21:14:49.579909" elapsed="0.041247"/>
</kw>
<arg>${LIST}[${COUNTER}]</arg>
<status status="PASS" start="2024-01-31T21:14:49.327077" elapsed="0.294204"/>
</kw>
<arg>VehicleData.Fill ${ACTIVE_CATEGORY} Form Data</arg>
<arg>${LIST}[${COUNTER}]</arg>
<doc>Executes the given keyword with the given arguments.</doc>
<status status="PASS" start="2024-01-31T21:14:49.326775" elapsed="0.294562"/>
</kw>
<kw name="Increment Counter" owner="DataManager">
<kw name="Evaluate" owner="BuiltIn">
<msg time="2024-01-31T21:14:49.621836" level="INFO">${COUNTER} = 15</msg>
<var>${COUNTER}</var>
<arg>${COUNTER} + 1</arg>
<doc>Evaluates the given expression in Python and returns the result.</doc>
<status status="PASS" start="2024-01-31T21:14:49.621685" elapsed="0.000218"/>
</kw>
<kw name="Set Global Variable" owner="BuiltIn">
<msg time="2024-01-31T21:14:49.622115" level="INFO">${COUNTER} = 15</msg>
<arg>${COUNTER}</arg>
<doc>Makes a variable available globally in all tests and suites.</doc>
<status status="PASS" start="2024-01-31T21:14:49.621985" elapsed="0.000174"/>
</kw>
<status status="PASS" start="2024-01-31T21:14:49.621463" elapsed="0.000745"/>
</kw>
<var name="${ROW}">14</var>
<status status="PASS" start="2024-01-31T21:14:49.326573" elapsed="0.295669"/>
</iter>
<iter>
<kw name="Run Keyword" owner="BuiltIn">
<kw name="Fill Automobile Form Data" owner="VehicleData">
<kw name="Select From List By Value" owner="SeleniumLibrary">
<msg time="2024-01-31T21:14:49.622830" level="INFO">Selecting options from selection list 'xpath=//select[@id='make']' by value Audi.</msg>
<arg>${MAKE_XPATH}</arg>
<arg>${automobile}[0]</arg>
<doc>Selects options from selection list ``locator`` by ``values``.</doc>
<status status="PASS" start="2024-01-31T21:14:49.622709" elapsed="0.027865"/>
</kw>
<kw name="Input Text" owner="SeleniumLibrary">
<msg time="2024-01-31T21:14:49.650958" level="INFO">Typing text '110' into text field 'xpath=//input[@id='engineperformance']'.</msg>
<arg>${ENGINE_PERFORMANCE_XPATH}</arg>
<arg>${automobile}[1]</arg>
<doc>Types the given ``text`` into the text field identified by ``locator``.</doc>
<status status="PASS" start="2024-01-31T21:14:49.650743" elapsed="0.036656"/>
</kw>
<kw name="Input Text" owner="SeleniumLibrary">
<msg time="2024-01-31T21:14:49.687778" level="INFO">Typing text '06/18/2019' into text field 'xpath=//input[@id='dateofmanufacture']'.</msg>
<arg>${MANUFACTURE_DATE_XPATH}</arg>
<arg>${automobile}[2]</arg>
<doc>Types the given ``text`` into the text field identified by ``locator``.</doc>
<status status="PASS" start="2024-01-31T21:14:49.687565" elapsed="0.050236"/>
</kw>
<kw name="Select From List By Value" owner="SeleniumLibrary">
<msg time="2024-01-31T21:14:49.738206" level="INFO">Selecting options from selection list 'xpath=//select[@id='numberofseats']' by value 5.</msg>
<arg>${NUMBER_OF_SEATS_XPATH}</arg>
<arg>${automobile}[3]</arg>
<doc>Selects options from selection list ``locator`` by ``values``.</doc>
<status status="PASS" start="2024-01-31T21:14:49.737978" elapsed="0.027107"/>
</kw>
<kw name="Select From List By Value" owner="SeleniumLibrary">
<msg time="2024-01-31T21:14:49.765536" level="INFO">Selecting options from selection list 'xpath=//select[@id='fuel']' by value Electric Power.</msg>
<arg>${FUEL_TYPE_XPATH}</arg>
<arg>${automobile}[4]</arg>
<doc>Selects options from selection list ``locator`` by ``values``.</doc>
<status status="PASS" start="2024-01-31T21:14:49.765283" elapsed="0.025877"/>
</kw>
<kw name="Input Text" owner="SeleniumLibrary">
<msg time="2024-01-31T21:14:49.791564" level="INFO">Typing text '28000' into text field 'xpath=//input[@id='listprice']'.</msg>
<arg>${LIST_PRICE_XPATH}</arg>
<arg>${automobile}[5]</arg>
<doc>Types the given ``text`` into the text field identified by ``locator``.</doc>
<status status="PASS" start="2024-01-31T21:14:49.791328" elapsed="0.039025"/>
</kw>
<kw name="Input Text" owner="SeleniumLibrary">
[...]
</kw>
<arg>Automobile</arg>
<status status="PASS" start="2024-01-31T21:14:43.803778" elapsed="10.152628"/>
</kw>
<kw name="Vehicle Data Page Object - Input Data" owner="TricentisApp">
<kw name="Navigate to" owner="Homepage">
<kw name="Go To" owner="SeleniumLibrary">
<msg time="2024-01-31T21:14:53.957107" level="INFO">Opening url 'https://sampleapp.tricentis.com/101/'</msg>
<arg>${HOMEPAGE_URL}</arg>
<doc>Navigates the current browser window to the provided ``url``.</doc>
<status status="PASS" start="2024-01-31T21:14:53.956953" elapsed="0.104081"/>
</kw>
<status status="PASS" start="2024-01-31T21:14:53.956813" elapsed="0.104348"/>
</kw>
<kw name="Select Category" owner="Homepage">
<kw name="Set Global Variable" owner="BuiltIn">
<msg time="2024-01-31T21:14:54.061701" level="INFO">${ACTIVE_CATEGORY} = Truck</msg>
<arg>${ACTIVE_CATEGORY}</arg>
<doc>Makes a variable available globally in all tests and suites.</doc>
<status status="PASS" start="2024-01-31T21:14:54.061549" elapsed="0.000234"/>
</kw>
<kw name="Run Keyword" owner="BuiltIn">
<kw name="Click Truck" owner="Homepage">
<kw name="Click Element" owner="SeleniumLibrary">
<msg time="2024-01-31T21:14:54.062345" level="INFO">Clicking element '//*[@id="nav_truck"]'.</msg>
<arg>${TRUCK_CATEGORY_XPATH}</arg>
<doc>Click the element identified by ``locator``.</doc>
<status status="PASS" start="2024-01-31T21:14:54.062174" elapsed="0.168053"/>
</kw>
<status status="PASS" start="2024-01-31T21:14:54.062041" elapsed="0.168317"/>
</kw>
<arg>Click ${ACTIVE_CATEGORY}</arg>
<doc>Executes the given keyword with the given arguments.</doc>
<status status="PASS" start="2024-01-31T21:14:54.061867" elapsed="0.168541"/>
</kw>
<arg>${ACTIVE_CATEGORY}</arg>
<status status="PASS" start="2024-01-31T21:14:54.061281" elapsed="0.169185"/>
</kw>
<kw name="Get ${ACTIVE_CATEGORY} From CSV File And Fill Form" owner="VehicleData" source_name="Get ${ACTIVE_CATEGORY} From CSV File And Fill Form">
<kw name="Run Keyword" owner="BuiltIn">
<kw name="Defining Truck CSV File Range Value" owner="DataManager">
<kw name="Get Truck CSV File - List" owner="DataManager">
<kw name="Read Csv File" owner="Csv">
<msg time="2024-01-31T21:14:54.231973" level="INFO">@{TRUCK_LIST} = [ ['Audi', '150', '01/15/2020', '5', 'Petrol', '500', '1500', '40000', 'ABC123', '12000'] | ['BMW', '180', '03/22/2018', '4', 'Diesel', '600', '1800', '50000', 'XYZ789', '15000'] | ['Ford', '120', '05...</msg>
<var>@{TRUCK_LIST}</var>
<arg>${CSV_TRUCKS_PATH}</arg>
<status status="PASS" start="2024-01-31T21:14:54.231402" elapsed="0.000699"/>
</kw>
<return>
<value>@{TRUCK_LIST}</value>
<status status="PASS" start="2024-01-31T21:14:54.232196" elapsed="0.000133"/>
</return>
<msg time="2024-01-31T21:14:54.232458" level="INFO">@{TRUCK_LIST} = [ ['Audi', '150', '01/15/2020', '5', 'Petrol', '500', '1500', '40000', 'ABC123', '12000'] | ['BMW', '180', '03/22/2018', '4', 'Diesel', '600', '1800', '50000', 'XYZ789', '15000'] | ['Ford', '120', '05...</msg>
<var>@{TRUCK_LIST}</var>
<status status="PASS" start="2024-01-31T21:14:54.231292" elapsed="0.001221"/>
</kw>
<kw name="Get Length" owner="BuiltIn">
<msg time="2024-01-31T21:14:54.232738" level="INFO">Length is 30.</msg>
<msg time="2024-01-31T21:14:54.232813" level="INFO">${RANGE} = 30</msg>
<var>${RANGE}</var>
<arg>${TRUCK_LIST}</arg>
<doc>Returns and logs the length of the given item as an integer.</doc>
<status status="PASS" start="2024-01-31T21:14:54.232622" elapsed="0.000223"/>
</kw>
<kw name="Set Global Variable" owner="BuiltIn">
<msg time="2024-01-31T21:14:54.233062" level="INFO">${RANGE} = 30</msg>
<arg>${RANGE}</arg>
<doc>Makes a variable available globally in all tests and suites.</doc>
<status status="PASS" start="2024-01-31T21:14:54.232932" elapsed="0.000170"/>
</kw>
<status status="PASS" start="2024-01-31T21:14:54.231153" elapsed="0.001999"/>
</kw>
<arg>DataManager.Defining ${ACTIVE_CATEGORY} CSV File Range Value</arg>
<doc>Executes the given keyword with the given arguments.</doc>
<status status="PASS" start="2024-01-31T21:14:54.230920" elapsed="0.002272"/>
</kw>
<kw name="Run Keyword" owner="BuiltIn">
<kw name="Get Truck CSV File - List" owner="DataManager">
<kw name="Read Csv File" owner="Csv">
<msg time="2024-01-31T21:14:54.233948" level="INFO">@{TRUCK_LIST} = [ ['Audi', '150', '01/15/2020', '5', 'Petrol', '500', '1500', '40000', 'ABC123', '12000'] | ['BMW', '180', '03/22/2018', '4', 'Diesel', '600', '1800', '50000', 'XYZ789', '15000'] | ['Ford', '120', '05...</msg>
<var>@{TRUCK_LIST}</var>
<arg>${CSV_TRUCKS_PATH}</arg>
<status status="PASS" start="2024-01-31T21:14:54.233593" elapsed="0.000456"/>
</kw>
<return>
<value>@{TRUCK_LIST}</value>
<status status="PASS" start="2024-01-31T21:14:54.234164" elapsed="0.000116"/>
</return>
<status status="PASS" start="2024-01-31T21:14:54.233462" elapsed="0.000909"/>
</kw>
<msg time="2024-01-31T21:14:54.234464" level="INFO">${LIST} = [['Audi', '150', '01/15/2020', '5', 'Petrol', '500', '1500', '40000', 'ABC123', '12000'], ['BMW', '180', '03/22/2018', '4', 'Diesel', '600', '1800', '50000', 'XYZ789', '15000'], ['Ford', '120', '05/10...</msg>
<var>${LIST}</var>
<arg>DataManager.Get ${ACTIVE_CATEGORY} CSV File - List</arg>
<doc>Executes the given keyword with the given arguments.</doc>
<status status="PASS" start="2024-01-31T21:14:54.233263" elapsed="0.001817"/>
</kw>
<for flavor="IN RANGE">
<iter>
<kw name="Run Keyword" owner="BuiltIn">
<arg>VehicleData.Fill ${ACTIVE_CATEGORY} Form Data</arg>
<arg>${LIST}[${COUNTER}]</arg>
<doc>Executes the given keyword with the given arguments.</doc>
<status status="NOT RUN" start="2024-01-31T21:14:54.235427" elapsed="0.000092"/>
</kw>
<kw name="Increment Counter" owner="DataManager">
<status status="NOT RUN" start="2024-01-31T21:14:54.235655" elapsed="0.000085"/>
</kw>
<var name="${ROW}"/>
<status status="NOT RUN" start="2024-01-31T21:14:54.235314" elapsed="0.000469"/>
</iter>
<var>${ROW}</var>
<value>${COUNTER}</value>
<value>${RANGE}</value>
<status status="NOT RUN" start="2024-01-31T21:14:54.235162" elapsed="0.000648"/>
</for>
<arg>${ACTIVE_CATEGORY}</arg>
<status status="PASS" start="2024-01-31T21:14:54.230619" elapsed="0.005236"/>
</kw>
<arg>Truck</arg>
<status status="PASS" start="2024-01-31T21:14:53.956621" elapsed="0.279287"/>
</kw>
<kw name="Vehicle Data Page Object - Input Data" owner="TricentisApp">
<kw name="Navigate to" owner="Homepage">
<kw name="Go To" owner="SeleniumLibrary">
<msg time="2024-01-31T21:14:54.236745" level="INFO">Opening url 'https://sampleapp.tricentis.com/101/'</msg>
<arg>${HOMEPAGE_URL}</arg>
<doc>Navigates the current browser window to the provided ``url``.</doc>
<status status="PASS" start="2024-01-31T21:14:54.236634" elapsed="0.094775"/>
</kw>
<status status="PASS" start="2024-01-31T21:14:54.236461" elapsed="0.095077"/>
</kw>
<kw name="Select Category" owner="Homepage">
<kw name="Set Global Variable" owner="BuiltIn">
<msg time="2024-01-31T21:14:54.332105" level="INFO">${ACTIVE_CATEGORY} = Camper</msg>
<arg>${ACTIVE_CATEGORY}</arg>
<doc>Makes a variable available globally in all tests and suites.</doc>
<status status="PASS" start="2024-01-31T21:14:54.331946" elapsed="0.000249"/>
</kw>
<kw name="Run Keyword" owner="BuiltIn">
<kw name="Click Camper" owner="Homepage">
<kw name="Click Element" owner="SeleniumLibrary">
<msg time="2024-01-31T21:14:54.332740" level="INFO">Clicking element '//*[@id="nav_camper"]'.</msg>
<arg>${CAMPER_CATEGORY_XPATH}</arg>
<doc>Click the element identified by ``locator``.</doc>
<status status="PASS" start="2024-01-31T21:14:54.332615" elapsed="0.163109"/>
</kw>
<status status="PASS" start="2024-01-31T21:14:54.332479" elapsed="0.163371"/>
</kw>
<arg>Click ${ACTIVE_CATEGORY}</arg>
<doc>Executes the given keyword with the given arguments.</doc>
<status status="PASS" start="2024-01-31T21:14:54.332285" elapsed="0.163639"/>
</kw>
<arg>${ACTIVE_CATEGORY}</arg>
<status status="PASS" start="2024-01-31T21:14:54.331659" elapsed="0.164319"/>
</kw>
<kw name="Get ${ACTIVE_CATEGORY} From CSV File And Fill Form" owner="VehicleData" source_name="Get ${ACTIVE_CATEGORY} From CSV File And Fill Form">
<kw name="Run Keyword" owner="BuiltIn">
<kw name="Defining Camper CSV File Range Value" owner="DataManager">
<kw name="Get Camper CSV File - List" owner="DataManager">
<kw name="Read Csv File" owner="Csv">
<msg time="2024-01-31T21:14:54.497467" level="INFO">@{CAMPER_LIST} = [ ['Audi', '150', '01/15/2020', '5', 'Yes', 'Petrol', '500', '1500', '40000', 'ABC123', '12000'] | ['BMW', '180', '03/22/2018', '4', 'No', 'Diesel', '600', '1800', '50000', 'XYZ789', '15000'] | ['Ford...</msg>
<var>@{CAMPER_LIST}</var>
<arg>${CSV_CAMPER_PATH}</arg>
<status status="PASS" start="2024-01-31T21:14:54.497003" elapsed="0.000538"/>
</kw>
<return>
<value>@{CAMPER_LIST}</value>
<status status="PASS" start="2024-01-31T21:14:54.497604" elapsed="0.000046"/>
</return>
<msg time="2024-01-31T21:14:54.497753" level="INFO">@{CAMPER_LIST} = [ ['Audi', '150', '01/15/2020', '5', 'Yes', 'Petrol', '500', '1500', '40000', 'ABC123', '12000'] | ['BMW', '180', '03/22/2018', '4', 'No', 'Diesel', '600', '1800', '50000', 'XYZ789', '15000'] | ['Ford...</msg>
<var>@{CAMPER_LIST}</var>
<status status="PASS" start="2024-01-31T21:14:54.496894" elapsed="0.000897"/>
</kw>
<kw name="Get Length" owner="BuiltIn">
<msg time="2024-01-31T21:14:54.497992" level="INFO">Length is 30.</msg>
<msg time="2024-01-31T21:14:54.498049" level="INFO">${RANGE} = 30</msg>
<var>${RANGE}</var>
<arg>${CAMPER_LIST}</arg>
<doc>Returns and logs the length of the given item as an integer.</doc>
<status status="PASS" start="2024-01-31T21:14:54.497886" elapsed="0.000194"/>
</kw>
<kw name="Set Global Variable" owner="BuiltIn">
<msg time="2024-01-31T21:14:54.498285" level="INFO">${RANGE} = 30</msg>
<arg>${RANGE}</arg>
<doc>Makes a variable available globally in all tests and suites.</doc>
<status status="PASS" start="2024-01-31T21:14:54.498162" elapsed="0.000211"/>
</kw>
<status status="PASS" start="2024-01-31T21:14:54.496738" elapsed="0.001686"/>
</kw>
<arg>DataManager.Defining ${ACTIVE_CATEGORY} CSV File Range Value</arg>
<doc>Executes the given keyword with the given arguments.</doc>
<status status="PASS" start="2024-01-31T21:14:54.496475" elapsed="0.001990"/>
</kw>
<kw name="Run Keyword" owner="BuiltIn">
<kw name="Get Camper CSV File - List" owner="DataManager">
<kw name="Read Csv File" owner="Csv">
<msg time="2024-01-31T21:14:54.499144" level="INFO">@{CAMPER_LIST} = [ ['Audi', '150', '01/15/2020', '5', 'Yes', 'Petrol', '500', '1500', '40000', 'ABC123', '12000'] | ['BMW', '180', '03/22/2018', '4', 'No', 'Diesel', '600', '1800', '50000', 'XYZ789', '15000'] | ['Ford...</msg>
<var>@{CAMPER_LIST}</var>
<arg>${CSV_CAMPER_PATH}</arg>
<status status="PASS" start="2024-01-31T21:14:54.498859" elapsed="0.000324"/>
</kw>
<return>
<value>@{CAMPER_LIST}</value>
<status status="PASS" start="2024-01-31T21:14:54.499231" elapsed="0.000036"/>
</return>
<status status="PASS" start="2024-01-31T21:14:54.498729" elapsed="0.000591"/>
</kw>
<msg time="2024-01-31T21:14:54.499411" level="INFO">${LIST} = [['Audi', '150', '01/15/2020', '5', 'Yes', 'Petrol', '500', '1500', '40000', 'ABC123', '12000'], ['BMW', '180', '03/22/2018', '4', 'No', 'Diesel', '600', '1800', '50000', 'XYZ789', '15000'], ['Ford', ...</msg>
<var>${LIST}</var>
<arg>DataManager.Get ${ACTIVE_CATEGORY} CSV File - List</arg>
<doc>Executes the given keyword with the given arguments.</doc>
<status status="PASS" start="2024-01-31T21:14:54.498537" elapsed="0.000912"/>
</kw>
<for flavor="IN RANGE">
<iter>
<kw name="Run Keyword" owner="BuiltIn">
<arg>VehicleData.Fill ${ACTIVE_CATEGORY} Form Data</arg>
<arg>${LIST}[${COUNTER}]</arg>
<doc>Executes the given keyword with the given arguments.</doc>
<status status="NOT RUN" start="2024-01-31T21:14:54.499980" elapsed="0.000135"/>
</kw>
<kw name="Increment Counter" owner="DataManager">
<status status="NOT RUN" start="2024-01-31T21:14:54.500221" elapsed="0.000077"/>
</kw>
<var name="${ROW}"/>
<status status="NOT RUN" start="2024-01-31T21:14:54.499673" elapsed="0.000660"/>
</iter>
<var>${ROW}</var>
<value>${COUNTER}</value>
<value>${RANGE}</value>
<status status="NOT RUN" start="2024-01-31T21:14:54.499507" elapsed="0.000853"/>
</for>
<arg>${ACTIVE_CATEGORY}</arg>
<status status="PASS" start="2024-01-31T21:14:54.496110" elapsed="0.004295"/>
</kw>
<arg>Camper</arg>
<status status="PASS" start="2024-01-31T21:14:54.236161" elapsed="0.264294"/>
</kw>
<kw name="Vehicle Data Page Object - Input Data" owner="TricentisApp">
<kw name="Navigate to" owner="Homepage">
<kw name="Go To" owner="SeleniumLibrary">
<msg time="2024-01-31T21:14:54.501082" level="INFO">Opening url 'https://sampleapp.tricentis.com/101/'</msg>
<arg>${HOMEPAGE_URL}</arg>
<doc>Navigates the current browser window to the provided ``url``.</doc>
<status status="PASS" start="2024-01-31T21:14:54.500974" elapsed="0.090987"/>
</kw>
<status status="PASS" start="2024-01-31T21:14:54.500824" elapsed="0.091270"/>
</kw>
<kw name="Select Category" owner="Homepage">
<kw name="Set Global Variable" owner="BuiltIn">
<msg time="2024-01-31T21:14:54.592661" level="INFO">${ACTIVE_CATEGORY} = Motorcycle</msg>
<arg>${ACTIVE_CATEGORY}</arg>
<doc>Makes a variable available globally in all tests and suites.</doc>
<status status="PASS" start="2024-01-31T21:14:54.592503" elapsed="0.000241"/>
</kw>
<kw name="Run Keyword" owner="BuiltIn">
<kw name="Click Motorcycle" owner="Homepage">
<kw name="Click Element" owner="SeleniumLibrary">
<msg time="2024-01-31T21:14:54.593269" level="INFO">Clicking element '//*[@id="nav_motorcycle"]'.</msg>
<arg>${MOTORCYCLE_CATEGORY_XPATH}</arg>
<doc>Click the element identified by ``locator``.</doc>
<status status="PASS" start="2024-01-31T21:14:54.593144" elapsed="0.162460"/>
</kw>
<status status="PASS" start="2024-01-31T21:14:54.593012" elapsed="0.162734"/>
</kw>
<arg>Click ${ACTIVE_CATEGORY}</arg>
<doc>Executes the given keyword with the given arguments.</doc>
<status status="PASS" start="2024-01-31T21:14:54.592832" elapsed="0.162967"/>
</kw>
<arg>${ACTIVE_CATEGORY}</arg>
<status status="PASS" start="2024-01-31T21:14:54.592220" elapsed="0.163642"/>
</kw>
<kw name="Get ${ACTIVE_CATEGORY} From CSV File And Fill Form" owner="VehicleData" source_name="Get ${ACTIVE_CATEGORY} From CSV File And Fill Form">
<kw name="Run Keyword" owner="BuiltIn">
<kw name="Defining Motorcycle CSV File Range Value" owner="DataManager">
<kw name="Get Motorcycle CSV File - List" owner="DataManager">
<kw name="Read Csv File" owner="Csv">
<msg time="2024-01-31T21:14:54.757153" level="INFO">@{MOTORCYCLE_LIST} = [ ['Audi', 'Scooter', '150', '500', '01/15/2020', '2', '40000', '12000'] | ['BMW', 'Three-Wheeler', '180', '800', '03/22/2018', '3', '50000', '15000'] | ['Ford', 'Moped', '120', '300', '05/10/2019', '...</msg>
<var>@{MOTORCYCLE_LIST}</var>
<arg>${CSV_MOTORCYCLE_PATH}</arg>
<status status="PASS" start="2024-01-31T21:14:54.756781" elapsed="0.000501"/>
</kw>
<return>
<value>@{MOTORCYCLE_LIST}</value>
<status status="PASS" start="2024-01-31T21:14:54.757381" elapsed="0.000080"/>
</return>
<msg time="2024-01-31T21:14:54.757610" level="INFO">@{MOTORCYCLE_LIST} = [ ['Audi', 'Scooter', '150', '500', '01/15/2020', '2', '40000', '12000'] | ['BMW', 'Three-Wheeler', '180', '800', '03/22/2018', '3', '50000', '15000'] | ['Ford', 'Moped', '120', '300', '05/10/2019', '...</msg>
<var>@{MOTORCYCLE_LIST}</var>
<status status="PASS" start="2024-01-31T21:14:54.756650" elapsed="0.001020"/>
</kw>
<kw name="Get Length" owner="BuiltIn">
<msg time="2024-01-31T21:14:54.757902" level="INFO">Length is 30.</msg>
<msg time="2024-01-31T21:14:54.757963" level="INFO">${RANGE} = 30</msg>
<var>${RANGE}</var>
<arg>${MOTORCYCLE_LIST}</arg>
<doc>Returns and logs the length of the given item as an integer.</doc>
<status status="PASS" start="2024-01-31T21:14:54.757780" elapsed="0.000214"/>
</kw>
<kw name="Set Global Variable" owner="BuiltIn">
<msg time="2024-01-31T21:14:54.758266" level="INFO">${RANGE} = 30</msg>
<arg>${RANGE}</arg>
<doc>Makes a variable available globally in all tests and suites.</doc>
<status status="PASS" start="2024-01-31T21:14:54.758097" elapsed="0.000212"/>
</kw>
<status status="PASS" start="2024-01-31T21:14:54.756511" elapsed="0.001855"/>
</kw>
<arg>DataManager.Defining ${ACTIVE_CATEGORY} CSV File Range Value</arg>
<doc>Executes the given keyword with the given arguments.</doc>
<status status="PASS" start="2024-01-31T21:14:54.756304" elapsed="0.002228"/>
</kw>
<kw name="Run Keyword" owner="BuiltIn">
<kw name="Get Motorcycle CSV File - List" owner="DataManager">
<kw name="Read Csv File" owner="Csv">
<msg time="2024-01-31T21:14:54.759486" level="INFO">@{MOTORCYCLE_LIST} = [ ['Audi', 'Scooter', '150', '500', '01/15/2020', '2', '40000', '12000'] | ['BMW', 'Three-Wheeler', '180', '800', '03/22/2018', '3', '50000', '15000'] | ['Ford', 'Moped', '120', '300', '05/10/2019', '...</msg>
<var>@{MOTORCYCLE_LIST}</var>
<arg>${CSV_MOTORCYCLE_PATH}</arg>
<status status="PASS" start="2024-01-31T21:14:54.759047" elapsed="0.000500"/>
</kw>
<return>
<value>@{MOTORCYCLE_LIST}</value>
<status status="PASS" start="2024-01-31T21:14:54.759613" elapsed="0.000051"/>
</return>
<status status="PASS" start="2024-01-31T21:14:54.758891" elapsed="0.000837"/>
</kw>
<msg time="2024-01-31T21:14:54.759812" level="INFO">${LIST} = [['Audi', 'Scooter', '150', '500', '01/15/2020', '2', '40000', '12000'], ['BMW', 'Three-Wheeler', '180', '800', '03/22/2018', '3', '50000', '15000'], ['Ford', 'Moped', '120', '300', '05/10/2019', '1',...</msg>
<var>${LIST}</var>
<arg>DataManager.Get ${ACTIVE_CATEGORY} CSV File - List</arg>
<doc>Executes the given keyword with the given arguments.</doc>
<status status="PASS" start="2024-01-31T21:14:54.758660" elapsed="0.001197"/>
</kw>
<for flavor="IN RANGE">
<iter>
<kw name="Run Keyword" owner="BuiltIn">
<arg>VehicleData.Fill ${ACTIVE_CATEGORY} Form Data</arg>
<arg>${LIST}[${COUNTER}]</arg>
<doc>Executes the given keyword with the given arguments.</doc>
<status status="NOT RUN" start="2024-01-31T21:14:54.760240" elapsed="0.000069"/>
</kw>
<kw name="Increment Counter" owner="DataManager">
<status status="NOT RUN" start="2024-01-31T21:14:54.760420" elapsed="0.000051"/>
</kw>
<var name="${ROW}"/>
<status status="NOT RUN" start="2024-01-31T21:14:54.760133" elapsed="0.000375"/>
</iter>
<var>${ROW}</var>
<value>${COUNTER}</value>
<value>${RANGE}</value>
<status status="NOT RUN" start="2024-01-31T21:14:54.759922" elapsed="0.000612"/>
</for>
<arg>${ACTIVE_CATEGORY}</arg>
<status status="PASS" start="2024-01-31T21:14:54.756021" elapsed="0.004563"/>
</kw>
<arg>Motorcycle</arg>
<status status="PASS" start="2024-01-31T21:14:54.500617" elapsed="0.260022"/>
</kw>
<kw name="End Web Test" owner="Common" type="TEARDOWN">
<kw name="Close All Browsers" owner="SeleniumLibrary">
<doc>Closes all open browsers and resets the browser cache.</doc>
<status status="PASS" start="2024-01-31T21:14:54.761334" elapsed="0.074012"/>
</kw>
<status status="PASS" start="2024-01-31T21:14:54.760973" elapsed="0.074504"/>
</kw>
<doc>Testing First Module - Vehicle Data Form - Multiple Categories CSV files</doc>
<tag>VehicleForm</tag>
<status status="PASS" start="2024-01-31T21:14:42.715863" elapsed="12.119702"/>
</test>
<status status="PASS" start="2024-01-31T21:14:42.655542" elapsed="12.180375"/>
</suite>
<status status="PASS" start="2024-01-31T21:14:42.654830" elapsed="12.181429"/>
</suite>
<status status="PASS" start="2024-01-31T21:14:42.639710" elapsed="12.197009"/>
</suite>
<statistics>
<total>
<stat pass="1" fail="0" skip="0">All Tests</stat>
</total>
<tag>
<stat pass="1" fail="0" skip="0">VehicleForm</stat>
</tag>
<suite>
<stat pass="1" fail="0" skip="0" id="s1" name="Vehicle Insurance App">Vehicle Insurance App</stat>
<stat pass="1" fail="0" skip="0" id="s1-s1" name="Tests">Vehicle Insurance App.Tests</stat>
<stat pass="1" fail="0" skip="0" id="s1-s1-s1" name="TricentisScript">Vehicle Insurance App.Tests.TricentisScript</stat>
</suite>
</statistics>
<errors>
</errors>
</robot>
